[35m[1mConsolidate compiler generated dependencies of target lidar_analysis[0m
[100%] Built target lidar_analysis
-- Install configuration: ""
-- Execute custom install script
-- Up-to-date symlink: /home/student/ros2_ws/src/robo1/lab2/install/lab2/lib/lab2/lidar_analysis
-- Up-to-date symlink: /home/student/ros2_ws/src/robo1/lab2/install/lab2/share/ament_index/resource_index/package_run_dependencies/lab2
-- Up-to-date symlink: /home/student/ros2_ws/src/robo1/lab2/install/lab2/share/ament_index/resource_index/parent_prefix_path/lab2
-- Up-to-date symlink: /home/student/ros2_ws/src/robo1/lab2/install/lab2/share/lab2/environment/ament_prefix_path.sh
-- Up-to-date symlink: /home/student/ros2_ws/src/robo1/lab2/install/lab2/share/lab2/environment/ament_prefix_path.dsv
-- Up-to-date symlink: /home/student/ros2_ws/src/robo1/lab2/install/lab2/share/lab2/environment/path.sh
-- Up-to-date symlink: /home/student/ros2_ws/src/robo1/lab2/install/lab2/share/lab2/environment/path.dsv
-- Up-to-date symlink: /home/student/ros2_ws/src/robo1/lab2/install/lab2/share/lab2/local_setup.bash
-- Up-to-date symlink: /home/student/ros2_ws/src/robo1/lab2/install/lab2/share/lab2/local_setup.sh
-- Up-to-date symlink: /home/student/ros2_ws/src/robo1/lab2/install/lab2/share/lab2/local_setup.zsh
-- Up-to-date symlink: /home/student/ros2_ws/src/robo1/lab2/install/lab2/share/lab2/local_setup.dsv
-- Symlinking: /home/student/ros2_ws/src/robo1/lab2/install/lab2/share/lab2/package.dsv
-- Up-to-date symlink: /home/student/ros2_ws/src/robo1/lab2/install/lab2/share/ament_index/resource_index/packages/lab2
-- Up-to-date symlink: /home/student/ros2_ws/src/robo1/lab2/install/lab2/share/lab2/cmake/lab2Config.cmake
-- Up-to-date symlink: /home/student/ros2_ws/src/robo1/lab2/install/lab2/share/lab2/cmake/lab2Config-version.cmake
-- Up-to-date symlink: /home/student/ros2_ws/src/robo1/lab2/install/lab2/share/lab2/package.xml
