[0.037s] Invoking command in '/home/student/ros2_ws/src/robo1/lab2/build/lab2': CMAKE_PREFIX_PATH=${CMAKE_PREFIX_PATH}:/home/student/ros2_ws/install/turtlesim:/home/student/ros2_ws/install/turtlebot3_teleop:/home/student/ros2_ws/install/turtlebot3_example:/opt/ros/humble /usr/bin/cmake --build /home/student/ros2_ws/src/robo1/lab2/build/lab2 -- -j8 -l8
[0.163s] [35m[1mConsolidate compiler generated dependencies of target lidar_analysis[0m
[0.259s] [100%] Built target lidar_analysis
[0.291s] Invoked command in '/home/student/ros2_ws/src/robo1/lab2/build/lab2' returned '0': CMAKE_PREFIX_PATH=${CMAKE_PREFIX_PATH}:/home/student/ros2_ws/install/turtlesim:/home/student/ros2_ws/install/turtlebot3_teleop:/home/student/ros2_ws/install/turtlebot3_example:/opt/ros/humble /usr/bin/cmake --build /home/student/ros2_ws/src/robo1/lab2/build/lab2 -- -j8 -l8
[0.394s] Invoking command in '/home/student/ros2_ws/src/robo1/lab2/build/lab2': CMAKE_PREFIX_PATH=${CMAKE_PREFIX_PATH}:/home/student/ros2_ws/install/turtlesim:/home/student/ros2_ws/install/turtlebot3_teleop:/home/student/ros2_ws/install/turtlebot3_example:/opt/ros/humble /usr/bin/cmake --install /home/student/ros2_ws/src/robo1/lab2/build/lab2
[0.423s] -- Install configuration: ""
[0.424s] -- Execute custom install script
[0.424s] -- Up-to-date symlink: /home/student/ros2_ws/src/robo1/lab2/install/lab2/lib/lab2/lidar_analysis
[0.425s] -- Up-to-date symlink: /home/student/ros2_ws/src/robo1/lab2/install/lab2/share/ament_index/resource_index/package_run_dependencies/lab2
[0.425s] -- Up-to-date symlink: /home/student/ros2_ws/src/robo1/lab2/install/lab2/share/ament_index/resource_index/parent_prefix_path/lab2
[0.425s] -- Up-to-date symlink: /home/student/ros2_ws/src/robo1/lab2/install/lab2/share/lab2/environment/ament_prefix_path.sh
[0.426s] -- Up-to-date symlink: /home/student/ros2_ws/src/robo1/lab2/install/lab2/share/lab2/environment/ament_prefix_path.dsv
[0.426s] -- Up-to-date symlink: /home/student/ros2_ws/src/robo1/lab2/install/lab2/share/lab2/environment/path.sh
[0.426s] -- Up-to-date symlink: /home/student/ros2_ws/src/robo1/lab2/install/lab2/share/lab2/environment/path.dsv
[0.426s] -- Up-to-date symlink: /home/student/ros2_ws/src/robo1/lab2/install/lab2/share/lab2/local_setup.bash
[0.427s] -- Up-to-date symlink: /home/student/ros2_ws/src/robo1/lab2/install/lab2/share/lab2/local_setup.sh
[0.427s] -- Up-to-date symlink: /home/student/ros2_ws/src/robo1/lab2/install/lab2/share/lab2/local_setup.zsh
[0.429s] -- Up-to-date symlink: /home/student/ros2_ws/src/robo1/lab2/install/lab2/share/lab2/local_setup.dsv
[0.429s] -- Symlinking: /home/student/ros2_ws/src/robo1/lab2/install/lab2/share/lab2/package.dsv
[0.451s] -- Up-to-date symlink: /home/student/ros2_ws/src/robo1/lab2/install/lab2/share/ament_index/resource_index/packages/lab2
[0.452s] -- Up-to-date symlink: /home/student/ros2_ws/src/robo1/lab2/install/lab2/share/lab2/cmake/lab2Config.cmake
[0.457s] -- Up-to-date symlink: /home/student/ros2_ws/src/robo1/lab2/install/lab2/share/lab2/cmake/lab2Config-version.cmake
[0.458s] -- Up-to-date symlink: /home/student/ros2_ws/src/robo1/lab2/install/lab2/share/lab2/package.xml
[0.458s] Invoked command in '/home/student/ros2_ws/src/robo1/lab2/build/lab2' returned '0': CMAKE_PREFIX_PATH=${CMAKE_PREFIX_PATH}:/home/student/ros2_ws/install/turtlesim:/home/student/ros2_ws/install/turtlebot3_teleop:/home/student/ros2_ws/install/turtlebot3_example:/opt/ros/humble /usr/bin/cmake --install /home/student/ros2_ws/src/robo1/lab2/build/lab2
