[0.140s] DEBUG:colcon:Command line arguments: ['/usr/bin/colcon', 'build']
[0.141s] DEBUG:colcon:Parsed command line arguments: Namespace(log_base=None, log_level=None, verb_name='build', build_base='build', install_base='install', merge_install=False, symlink_install=False, test_result_base=None, continue_on_error=False, executor='parallel', parallel_workers=8, event_handlers=None, ignore_user_meta=False, metas=['./colcon.meta'], base_paths=['.'], packages_ignore=None, packages_ignore_regex=None, paths=None, packages_up_to=None, packages_up_to_regex=None, packages_above=None, packages_above_and_dependencies=None, packages_above_depth=None, packages_select_by_dep=None, packages_skip_by_dep=None, packages_skip_up_to=None, packages_select_build_failed=False, packages_skip_build_finished=False, packages_select_test_failures=False, packages_skip_test_passed=False, packages_select=None, packages_skip=None, packages_select_regex=None, packages_skip_regex=None, packages_start=None, packages_end=None, allow_overriding=[], cmake_args=None, cmake_target=None, cmake_target_skip_unavailable=False, cmake_clean_cache=False, cmake_clean_first=False, cmake_force_configure=False, ament_cmake_args=None, catkin_cmake_args=None, catkin_skip_building_tests=False, mixin_files=None, mixin=None, verb_parser=<colcon_mixin.mixin.mixin_argument.MixinArgumentDecorator object at 0x7dd8b4023490>, verb_extension=<colcon_core.verb.build.BuildVerb object at 0x7dd8b4022a70>, main=<bound method BuildVerb.main of <colcon_core.verb.build.BuildVerb object at 0x7dd8b4022a70>>, mixin_verb=('build',))
[0.363s] Level 1:colcon.colcon_core.package_discovery:discover_packages(colcon_meta) check parameters
[0.363s] Level 1:colcon.colcon_core.package_discovery:discover_packages(recursive) check parameters
[0.363s] Level 1:colcon.colcon_core.package_discovery:discover_packages(ignore) check parameters
[0.363s] Level 1:colcon.colcon_core.package_discovery:discover_packages(path) check parameters
[0.363s] Level 1:colcon.colcon_core.package_discovery:discover_packages(colcon_meta) discover
[0.363s] Level 1:colcon.colcon_core.package_discovery:discover_packages(recursive) discover
[0.363s] INFO:colcon.colcon_core.package_discovery:Crawling recursively for packages in '/home/student/ros2_ws/src/robo1/lab1'
[0.363s] Level 1:colcon.colcon_core.package_identification:_identify(.) by extensions ['ignore', 'ignore_ament_install']
[0.364s] Level 1:colcon.colcon_core.package_identification:_identify(.) by extension 'ignore'
[0.364s] Level 1:colcon.colcon_core.package_identification:_identify(.) by extension 'ignore_ament_install'
[0.364s] Level 1:colcon.colcon_core.package_identification:_identify(.) by extensions ['colcon_pkg']
[0.364s] Level 1:colcon.colcon_core.package_identification:_identify(.) by extension 'colcon_pkg'
[0.364s] Level 1:colcon.colcon_core.package_identification:_identify(.) by extensions ['colcon_meta']
[0.364s] Level 1:colcon.colcon_core.package_identification:_identify(.) by extension 'colcon_meta'
[0.364s] Level 1:colcon.colcon_core.package_identification:_identify(.) by extensions ['ros']
[0.364s] Level 1:colcon.colcon_core.package_identification:_identify(.) by extension 'ros'
[0.381s] DEBUG:colcon.colcon_core.package_identification:Package '.' with type 'ros.ament_cmake' and name 'lab1'
[0.382s] Level 1:colcon.colcon_core.package_discovery:discover_packages(recursive) using defaults
[0.382s] Level 1:colcon.colcon_core.package_discovery:discover_packages(ignore) discover
[0.382s] Level 1:colcon.colcon_core.package_discovery:discover_packages(ignore) using defaults
[0.382s] Level 1:colcon.colcon_core.package_discovery:discover_packages(path) discover
[0.382s] Level 1:colcon.colcon_core.package_discovery:discover_packages(path) using defaults
[0.422s] Level 1:colcon.colcon_core.package_discovery:discover_packages(prefix_path) check parameters
[0.423s] Level 1:colcon.colcon_core.package_discovery:discover_packages(prefix_path) discover
[0.425s] DEBUG:colcon.colcon_installed_package_information.package_discovery:Found 17 installed packages in /home/student/ros2_ws/install
[0.427s] DEBUG:colcon.colcon_installed_package_information.package_discovery:Found 371 installed packages in /opt/ros/humble
[0.429s] Level 1:colcon.colcon_core.package_discovery:discover_packages(prefix_path) using defaults
[0.488s] Level 5:colcon.colcon_core.verb:set package 'lab1' build argument 'cmake_args' from command line to 'None'
[0.488s] Level 5:colcon.colcon_core.verb:set package 'lab1' build argument 'cmake_target' from command line to 'None'
[0.488s] Level 5:colcon.colcon_core.verb:set package 'lab1' build argument 'cmake_target_skip_unavailable' from command line to 'False'
[0.488s] Level 5:colcon.colcon_core.verb:set package 'lab1' build argument 'cmake_clean_cache' from command line to 'False'
[0.488s] Level 5:colcon.colcon_core.verb:set package 'lab1' build argument 'cmake_clean_first' from command line to 'False'
[0.488s] Level 5:colcon.colcon_core.verb:set package 'lab1' build argument 'cmake_force_configure' from command line to 'False'
[0.488s] Level 5:colcon.colcon_core.verb:set package 'lab1' build argument 'ament_cmake_args' from command line to 'None'
[0.488s] Level 5:colcon.colcon_core.verb:set package 'lab1' build argument 'catkin_cmake_args' from command line to 'None'
[0.488s] Level 5:colcon.colcon_core.verb:set package 'lab1' build argument 'catkin_skip_building_tests' from command line to 'False'
[0.488s] DEBUG:colcon.colcon_core.verb:Building package 'lab1' with the following arguments: {'ament_cmake_args': None, 'build_base': '/home/student/ros2_ws/src/robo1/lab1/build/lab1', 'catkin_cmake_args': None, 'catkin_skip_building_tests': False, 'cmake_args': None, 'cmake_clean_cache': False, 'cmake_clean_first': False, 'cmake_force_configure': False, 'cmake_target': None, 'cmake_target_skip_unavailable': False, 'install_base': '/home/student/ros2_ws/src/robo1/lab1/install/lab1', 'merge_install': False, 'path': '/home/student/ros2_ws/src/robo1/lab1', 'symlink_install': False, 'test_result_base': None}
[0.489s] INFO:colcon.colcon_core.executor:Executing jobs using 'parallel' executor
[0.490s] DEBUG:colcon.colcon_parallel_executor.executor.parallel:run_until_complete
[0.490s] INFO:colcon.colcon_ros.task.ament_cmake.build:Building ROS package in '/home/student/ros2_ws/src/robo1/lab1' with build type 'ament_cmake'
[0.491s] INFO:colcon.colcon_cmake.task.cmake.build:Building CMake package in '/home/student/ros2_ws/src/robo1/lab1'
[0.493s] INFO:colcon.colcon_core.plugin_system:Skipping extension 'colcon_core.shell.bat': Not used on non-Windows systems
[0.493s] INFO:colcon.colcon_core.shell:Skip shell extension 'powershell' for command environment: Not usable outside of PowerShell
[0.493s] DEBUG:colcon.colcon_core.shell:Skip shell extension 'dsv' for command environment
[0.506s] DEBUG:colcon.colcon_core.event_handler.log_command:Invoking command in '/home/student/ros2_ws/src/robo1/lab1/build/lab1': CMAKE_PREFIX_PATH=${CMAKE_PREFIX_PATH}:/home/student/ros2_ws/install/turtlebot3_teleop:/home/student/ros2_ws/install/turtlebot3_example:/opt/ros/humble /usr/bin/cmake /home/student/ros2_ws/src/robo1/lab1 -DCMAKE_INSTALL_PREFIX=/home/student/ros2_ws/src/robo1/lab1/install/lab1
[1.447s] DEBUG:colcon.colcon_core.event_handler.log_command:Invoked command in '/home/student/ros2_ws/src/robo1/lab1/build/lab1' returned '0': CMAKE_PREFIX_PATH=${CMAKE_PREFIX_PATH}:/home/student/ros2_ws/install/turtlebot3_teleop:/home/student/ros2_ws/install/turtlebot3_example:/opt/ros/humble /usr/bin/cmake /home/student/ros2_ws/src/robo1/lab1 -DCMAKE_INSTALL_PREFIX=/home/student/ros2_ws/src/robo1/lab1/install/lab1
[1.447s] DEBUG:colcon.colcon_core.event_handler.log_command:Invoking command in '/home/student/ros2_ws/src/robo1/lab1/build/lab1': CMAKE_PREFIX_PATH=${CMAKE_PREFIX_PATH}:/home/student/ros2_ws/install/turtlebot3_teleop:/home/student/ros2_ws/install/turtlebot3_example:/opt/ros/humble /usr/bin/cmake --build /home/student/ros2_ws/src/robo1/lab1/build/lab1 -- -j8 -l8
[1.505s] DEBUG:colcon.colcon_core.event_handler.log_command:Invoked command in '/home/student/ros2_ws/src/robo1/lab1/build/lab1' returned '0': CMAKE_PREFIX_PATH=${CMAKE_PREFIX_PATH}:/home/student/ros2_ws/install/turtlebot3_teleop:/home/student/ros2_ws/install/turtlebot3_example:/opt/ros/humble /usr/bin/cmake --build /home/student/ros2_ws/src/robo1/lab1/build/lab1 -- -j8 -l8
[1.553s] DEBUG:colcon.colcon_core.event_handler.log_command:Invoking command in '/home/student/ros2_ws/src/robo1/lab1/build/lab1': CMAKE_PREFIX_PATH=${CMAKE_PREFIX_PATH}:/home/student/ros2_ws/install/turtlebot3_teleop:/home/student/ros2_ws/install/turtlebot3_example:/opt/ros/humble /usr/bin/cmake --install /home/student/ros2_ws/src/robo1/lab1/build/lab1
[1.573s] Level 1:colcon.colcon_core.environment:create_environment_scripts_only(lab1)
[1.574s] DEBUG:colcon.colcon_core.event_handler.log_command:Invoked command in '/home/student/ros2_ws/src/robo1/lab1/build/lab1' returned '0': CMAKE_PREFIX_PATH=${CMAKE_PREFIX_PATH}:/home/student/ros2_ws/install/turtlebot3_teleop:/home/student/ros2_ws/install/turtlebot3_example:/opt/ros/humble /usr/bin/cmake --install /home/student/ros2_ws/src/robo1/lab1/build/lab1
[1.576s] Level 1:colcon.colcon_core.environment:checking '/home/student/ros2_ws/src/robo1/lab1/install/lab1' for CMake module files
[1.577s] Level 1:colcon.colcon_core.environment:checking '/home/student/ros2_ws/src/robo1/lab1/install/lab1' for CMake config files
[1.577s] Level 1:colcon.colcon_core.shell:create_environment_hook('lab1', 'cmake_prefix_path')
[1.577s] INFO:colcon.colcon_core.shell:Creating environment hook '/home/student/ros2_ws/src/robo1/lab1/install/lab1/share/lab1/hook/cmake_prefix_path.ps1'
[1.578s] INFO:colcon.colcon_core.shell:Creating environment descriptor '/home/student/ros2_ws/src/robo1/lab1/install/lab1/share/lab1/hook/cmake_prefix_path.dsv'
[1.578s] INFO:colcon.colcon_core.shell:Creating environment hook '/home/student/ros2_ws/src/robo1/lab1/install/lab1/share/lab1/hook/cmake_prefix_path.sh'
[1.579s] Level 1:colcon.colcon_core.environment:checking '/home/student/ros2_ws/src/robo1/lab1/install/lab1/bin'
[1.580s] Level 1:colcon.colcon_core.environment:checking '/home/student/ros2_ws/src/robo1/lab1/install/lab1/lib/pkgconfig/lab1.pc'
[1.580s] Level 1:colcon.colcon_core.environment:checking '/home/student/ros2_ws/src/robo1/lab1/install/lab1/lib/python3.10/site-packages'
[1.580s] Level 1:colcon.colcon_core.environment:checking '/home/student/ros2_ws/src/robo1/lab1/install/lab1/bin'
[1.581s] INFO:colcon.colcon_core.shell:Creating package script '/home/student/ros2_ws/src/robo1/lab1/install/lab1/share/lab1/package.ps1'
[1.582s] INFO:colcon.colcon_core.shell:Creating package descriptor '/home/student/ros2_ws/src/robo1/lab1/install/lab1/share/lab1/package.dsv'
[1.582s] INFO:colcon.colcon_core.shell:Creating package script '/home/student/ros2_ws/src/robo1/lab1/install/lab1/share/lab1/package.sh'
[1.583s] INFO:colcon.colcon_core.shell:Creating package script '/home/student/ros2_ws/src/robo1/lab1/install/lab1/share/lab1/package.bash'
[1.583s] INFO:colcon.colcon_core.shell:Creating package script '/home/student/ros2_ws/src/robo1/lab1/install/lab1/share/lab1/package.zsh'
[1.584s] Level 1:colcon.colcon_core.environment:create_file_with_runtime_dependencies(/home/student/ros2_ws/src/robo1/lab1/install/lab1/share/colcon-core/packages/lab1)
[1.619s] Level 1:colcon.colcon_core.environment:create_environment_scripts_only(lab1)
[1.620s] Level 1:colcon.colcon_core.environment:checking '/home/student/ros2_ws/src/robo1/lab1/install/lab1' for CMake module files
[1.620s] Level 1:colcon.colcon_core.environment:checking '/home/student/ros2_ws/src/robo1/lab1/install/lab1' for CMake config files
[1.621s] Level 1:colcon.colcon_core.shell:create_environment_hook('lab1', 'cmake_prefix_path')
[1.621s] INFO:colcon.colcon_core.shell:Creating environment hook '/home/student/ros2_ws/src/robo1/lab1/install/lab1/share/lab1/hook/cmake_prefix_path.ps1'
[1.621s] INFO:colcon.colcon_core.shell:Creating environment descriptor '/home/student/ros2_ws/src/robo1/lab1/install/lab1/share/lab1/hook/cmake_prefix_path.dsv'
[1.622s] INFO:colcon.colcon_core.shell:Creating environment hook '/home/student/ros2_ws/src/robo1/lab1/install/lab1/share/lab1/hook/cmake_prefix_path.sh'
[1.622s] Level 1:colcon.colcon_core.environment:checking '/home/student/ros2_ws/src/robo1/lab1/install/lab1/bin'
[1.623s] Level 1:colcon.colcon_core.environment:checking '/home/student/ros2_ws/src/robo1/lab1/install/lab1/lib/pkgconfig/lab1.pc'
[1.623s] Level 1:colcon.colcon_core.environment:checking '/home/student/ros2_ws/src/robo1/lab1/install/lab1/lib/python3.10/site-packages'
[1.623s] Level 1:colcon.colcon_core.environment:checking '/home/student/ros2_ws/src/robo1/lab1/install/lab1/bin'
[1.623s] INFO:colcon.colcon_core.shell:Creating package script '/home/student/ros2_ws/src/robo1/lab1/install/lab1/share/lab1/package.ps1'
[1.624s] INFO:colcon.colcon_core.shell:Creating package descriptor '/home/student/ros2_ws/src/robo1/lab1/install/lab1/share/lab1/package.dsv'
[1.625s] INFO:colcon.colcon_core.shell:Creating package script '/home/student/ros2_ws/src/robo1/lab1/install/lab1/share/lab1/package.sh'
[1.625s] INFO:colcon.colcon_core.shell:Creating package script '/home/student/ros2_ws/src/robo1/lab1/install/lab1/share/lab1/package.bash'
[1.626s] INFO:colcon.colcon_core.shell:Creating package script '/home/student/ros2_ws/src/robo1/lab1/install/lab1/share/lab1/package.zsh'
[1.627s] Level 1:colcon.colcon_core.environment:create_file_with_runtime_dependencies(/home/student/ros2_ws/src/robo1/lab1/install/lab1/share/colcon-core/packages/lab1)
[1.627s] DEBUG:colcon.colcon_parallel_executor.executor.parallel:closing loop
[1.627s] DEBUG:colcon.colcon_parallel_executor.executor.parallel:loop closed
[1.627s] DEBUG:colcon.colcon_parallel_executor.executor.parallel:run_until_complete finished with '0'
[1.627s] DEBUG:colcon.colcon_core.event_reactor:joining thread
[1.636s] INFO:colcon.colcon_core.plugin_system:Skipping extension 'colcon_notification.desktop_notification.terminal_notifier': Not used on non-Darwin systems
[1.636s] INFO:colcon.colcon_core.plugin_system:Skipping extension 'colcon_notification.desktop_notification.win32': Not used on non-Windows systems
[1.636s] INFO:colcon.colcon_notification.desktop_notification:Sending desktop notification using 'notify2'
[1.655s] DEBUG:colcon.colcon_core.event_reactor:joined thread
[1.655s] INFO:colcon.colcon_core.shell:Creating prefix script '/home/student/ros2_ws/src/robo1/lab1/install/local_setup.ps1'
[1.656s] INFO:colcon.colcon_core.shell:Creating prefix util module '/home/student/ros2_ws/src/robo1/lab1/install/_local_setup_util_ps1.py'
[1.658s] INFO:colcon.colcon_core.shell:Creating prefix chain script '/home/student/ros2_ws/src/robo1/lab1/install/setup.ps1'
[1.659s] INFO:colcon.colcon_core.shell:Creating prefix script '/home/student/ros2_ws/src/robo1/lab1/install/local_setup.sh'
[1.660s] INFO:colcon.colcon_core.shell:Creating prefix util module '/home/student/ros2_ws/src/robo1/lab1/install/_local_setup_util_sh.py'
[1.660s] INFO:colcon.colcon_core.shell:Creating prefix chain script '/home/student/ros2_ws/src/robo1/lab1/install/setup.sh'
[1.673s] INFO:colcon.colcon_core.shell:Creating prefix script '/home/student/ros2_ws/src/robo1/lab1/install/local_setup.bash'
[1.674s] INFO:colcon.colcon_core.shell:Creating prefix chain script '/home/student/ros2_ws/src/robo1/lab1/install/setup.bash'
[1.677s] INFO:colcon.colcon_core.shell:Creating prefix script '/home/student/ros2_ws/src/robo1/lab1/install/local_setup.zsh'
[1.677s] INFO:colcon.colcon_core.shell:Creating prefix chain script '/home/student/ros2_ws/src/robo1/lab1/install/setup.zsh'
