[0.118s] DEBUG:colcon:Command line arguments: ['/usr/bin/colcon', 'build']
[0.118s] DEBUG:colcon:Parsed command line arguments: Namespace(log_base=None, log_level=None, verb_name='build', build_base='build', install_base='install', merge_install=False, symlink_install=False, test_result_base=None, continue_on_error=False, executor='parallel', parallel_workers=8, event_handlers=None, ignore_user_meta=False, metas=['./colcon.meta'], base_paths=['.'], packages_ignore=None, packages_ignore_regex=None, paths=None, packages_up_to=None, packages_up_to_regex=None, packages_above=None, packages_above_and_dependencies=None, packages_above_depth=None, packages_select_by_dep=None, packages_skip_by_dep=None, packages_skip_up_to=None, packages_select_build_failed=False, packages_skip_build_finished=False, packages_select_test_failures=False, packages_skip_test_passed=False, packages_select=None, packages_skip=None, packages_select_regex=None, packages_skip_regex=None, packages_start=None, packages_end=None, allow_overriding=[], cmake_args=None, cmake_target=None, cmake_target_skip_unavailable=False, cmake_clean_cache=False, cmake_clean_first=False, cmake_force_configure=False, ament_cmake_args=None, catkin_cmake_args=None, catkin_skip_building_tests=False, mixin_files=None, mixin=None, verb_parser=<colcon_mixin.mixin.mixin_argument.MixinArgumentDecorator object at 0x7df0ff907490>, verb_extension=<colcon_core.verb.build.BuildVerb object at 0x7df0ff906a70>, main=<bound method BuildVerb.main of <colcon_core.verb.build.BuildVerb object at 0x7df0ff906a70>>, mixin_verb=('build',))
[0.308s] Level 1:colcon.colcon_core.package_discovery:discover_packages(colcon_meta) check parameters
[0.308s] Level 1:colcon.colcon_core.package_discovery:discover_packages(recursive) check parameters
[0.308s] Level 1:colcon.colcon_core.package_discovery:discover_packages(ignore) check parameters
[0.309s] Level 1:colcon.colcon_core.package_discovery:discover_packages(path) check parameters
[0.309s] Level 1:colcon.colcon_core.package_discovery:discover_packages(colcon_meta) discover
[0.309s] Level 1:colcon.colcon_core.package_discovery:discover_packages(recursive) discover
[0.309s] INFO:colcon.colcon_core.package_discovery:Crawling recursively for packages in '/home/student/ros2_ws/src/robo1/lab3'
[0.309s] Level 1:colcon.colcon_core.package_identification:_identify(.) by extensions ['ignore', 'ignore_ament_install']
[0.309s] Level 1:colcon.colcon_core.package_identification:_identify(.) by extension 'ignore'
[0.309s] Level 1:colcon.colcon_core.package_identification:_identify(.) by extension 'ignore_ament_install'
[0.309s] Level 1:colcon.colcon_core.package_identification:_identify(.) by extensions ['colcon_pkg']
[0.309s] Level 1:colcon.colcon_core.package_identification:_identify(.) by extension 'colcon_pkg'
[0.309s] Level 1:colcon.colcon_core.package_identification:_identify(.) by extensions ['colcon_meta']
[0.309s] Level 1:colcon.colcon_core.package_identification:_identify(.) by extension 'colcon_meta'
[0.309s] Level 1:colcon.colcon_core.package_identification:_identify(.) by extensions ['ros']
[0.309s] Level 1:colcon.colcon_core.package_identification:_identify(.) by extension 'ros'
[0.324s] DEBUG:colcon.colcon_core.package_identification:Package '.' with type 'ros.ament_cmake' and name 'lab3'
[0.324s] Level 1:colcon.colcon_core.package_discovery:discover_packages(recursive) using defaults
[0.324s] Level 1:colcon.colcon_core.package_discovery:discover_packages(ignore) discover
[0.324s] Level 1:colcon.colcon_core.package_discovery:discover_packages(ignore) using defaults
[0.325s] Level 1:colcon.colcon_core.package_discovery:discover_packages(path) discover
[0.325s] Level 1:colcon.colcon_core.package_discovery:discover_packages(path) using defaults
[0.360s] Level 1:colcon.colcon_core.package_discovery:discover_packages(prefix_path) check parameters
[0.360s] Level 1:colcon.colcon_core.package_discovery:discover_packages(prefix_path) discover
[0.363s] DEBUG:colcon.colcon_installed_package_information.package_discovery:Found 20 installed packages in /home/student/ros2_ws/install
[0.363s] DEBUG:colcon.colcon_installed_package_information.package_discovery:Found 1 installed packages in /home/student/ros2_ws/src/robo1/lab3/install
[0.364s] DEBUG:colcon.colcon_installed_package_information.package_discovery:Found 1 installed packages in /home/student/ros2_ws/src/robo1/lab2/install
[0.366s] DEBUG:colcon.colcon_installed_package_information.package_discovery:Found 371 installed packages in /opt/ros/humble
[0.368s] Level 1:colcon.colcon_core.package_discovery:discover_packages(prefix_path) using defaults
[0.417s] Level 5:colcon.colcon_core.verb:set package 'lab3' build argument 'cmake_args' from command line to 'None'
[0.417s] Level 5:colcon.colcon_core.verb:set package 'lab3' build argument 'cmake_target' from command line to 'None'
[0.417s] Level 5:colcon.colcon_core.verb:set package 'lab3' build argument 'cmake_target_skip_unavailable' from command line to 'False'
[0.417s] Level 5:colcon.colcon_core.verb:set package 'lab3' build argument 'cmake_clean_cache' from command line to 'False'
[0.417s] Level 5:colcon.colcon_core.verb:set package 'lab3' build argument 'cmake_clean_first' from command line to 'False'
[0.417s] Level 5:colcon.colcon_core.verb:set package 'lab3' build argument 'cmake_force_configure' from command line to 'False'
[0.417s] Level 5:colcon.colcon_core.verb:set package 'lab3' build argument 'ament_cmake_args' from command line to 'None'
[0.417s] Level 5:colcon.colcon_core.verb:set package 'lab3' build argument 'catkin_cmake_args' from command line to 'None'
[0.417s] Level 5:colcon.colcon_core.verb:set package 'lab3' build argument 'catkin_skip_building_tests' from command line to 'False'
[0.417s] DEBUG:colcon.colcon_core.verb:Building package 'lab3' with the following arguments: {'ament_cmake_args': None, 'build_base': '/home/student/ros2_ws/src/robo1/lab3/build/lab3', 'catkin_cmake_args': None, 'catkin_skip_building_tests': False, 'cmake_args': None, 'cmake_clean_cache': False, 'cmake_clean_first': False, 'cmake_force_configure': False, 'cmake_target': None, 'cmake_target_skip_unavailable': False, 'install_base': '/home/student/ros2_ws/src/robo1/lab3/install/lab3', 'merge_install': False, 'path': '/home/student/ros2_ws/src/robo1/lab3', 'symlink_install': False, 'test_result_base': None}
[0.418s] INFO:colcon.colcon_core.executor:Executing jobs using 'parallel' executor
[0.419s] DEBUG:colcon.colcon_parallel_executor.executor.parallel:run_until_complete
[0.419s] INFO:colcon.colcon_ros.task.ament_cmake.build:Building ROS package in '/home/student/ros2_ws/src/robo1/lab3' with build type 'ament_cmake'
[0.419s] INFO:colcon.colcon_cmake.task.cmake.build:Building CMake package in '/home/student/ros2_ws/src/robo1/lab3'
[0.422s] INFO:colcon.colcon_core.plugin_system:Skipping extension 'colcon_core.shell.bat': Not used on non-Windows systems
[0.422s] INFO:colcon.colcon_core.shell:Skip shell extension 'powershell' for command environment: Not usable outside of PowerShell
[0.422s] DEBUG:colcon.colcon_core.shell:Skip shell extension 'dsv' for command environment
[0.435s] DEBUG:colcon.colcon_core.event_handler.log_command:Invoking command in '/home/student/ros2_ws/src/robo1/lab3/build/lab3': CMAKE_PREFIX_PATH=${CMAKE_PREFIX_PATH}:/home/student/ros2_ws/install/turtlebot3_teleop:/home/student/ros2_ws/install/turtlebot3_example:/opt/ros/humble /usr/bin/cmake --build /home/student/ros2_ws/src/robo1/lab3/build/lab3 -- -j8 -l8
[10.886s] DEBUG:colcon.colcon_core.event_handler.log_command:Invoked command in '/home/student/ros2_ws/src/robo1/lab3/build/lab3' returned '0': CMAKE_PREFIX_PATH=${CMAKE_PREFIX_PATH}:/home/student/ros2_ws/install/turtlebot3_teleop:/home/student/ros2_ws/install/turtlebot3_example:/opt/ros/humble /usr/bin/cmake --build /home/student/ros2_ws/src/robo1/lab3/build/lab3 -- -j8 -l8
[10.936s] DEBUG:colcon.colcon_core.event_handler.log_command:Invoking command in '/home/student/ros2_ws/src/robo1/lab3/build/lab3': CMAKE_PREFIX_PATH=${CMAKE_PREFIX_PATH}:/home/student/ros2_ws/install/turtlebot3_teleop:/home/student/ros2_ws/install/turtlebot3_example:/opt/ros/humble /usr/bin/cmake --install /home/student/ros2_ws/src/robo1/lab3/build/lab3
[10.964s] Level 1:colcon.colcon_core.environment:create_environment_scripts_only(lab3)
[10.965s] DEBUG:colcon.colcon_core.event_handler.log_command:Invoked command in '/home/student/ros2_ws/src/robo1/lab3/build/lab3' returned '0': CMAKE_PREFIX_PATH=${CMAKE_PREFIX_PATH}:/home/student/ros2_ws/install/turtlebot3_teleop:/home/student/ros2_ws/install/turtlebot3_example:/opt/ros/humble /usr/bin/cmake --install /home/student/ros2_ws/src/robo1/lab3/build/lab3
[10.967s] Level 1:colcon.colcon_core.environment:checking '/home/student/ros2_ws/src/robo1/lab3/install/lab3' for CMake module files
[10.968s] Level 1:colcon.colcon_core.environment:checking '/home/student/ros2_ws/src/robo1/lab3/install/lab3' for CMake config files
[10.968s] Level 1:colcon.colcon_core.shell:create_environment_hook('lab3', 'cmake_prefix_path')
[10.969s] INFO:colcon.colcon_core.shell:Creating environment hook '/home/student/ros2_ws/src/robo1/lab3/install/lab3/share/lab3/hook/cmake_prefix_path.ps1'
[10.970s] INFO:colcon.colcon_core.shell:Creating environment descriptor '/home/student/ros2_ws/src/robo1/lab3/install/lab3/share/lab3/hook/cmake_prefix_path.dsv'
[10.970s] INFO:colcon.colcon_core.shell:Creating environment hook '/home/student/ros2_ws/src/robo1/lab3/install/lab3/share/lab3/hook/cmake_prefix_path.sh'
[10.971s] Level 1:colcon.colcon_core.environment:checking '/home/student/ros2_ws/src/robo1/lab3/install/lab3/lib'
[10.972s] Level 1:colcon.colcon_core.environment:checking '/home/student/ros2_ws/src/robo1/lab3/install/lab3/bin'
[10.972s] Level 1:colcon.colcon_core.environment:checking '/home/student/ros2_ws/src/robo1/lab3/install/lab3/lib/pkgconfig/lab3.pc'
[10.972s] Level 1:colcon.colcon_core.environment:checking '/home/student/ros2_ws/src/robo1/lab3/install/lab3/lib/python3.10/site-packages'
[10.972s] Level 1:colcon.colcon_core.environment:checking '/home/student/ros2_ws/src/robo1/lab3/install/lab3/bin'
[10.973s] INFO:colcon.colcon_core.shell:Creating package script '/home/student/ros2_ws/src/robo1/lab3/install/lab3/share/lab3/package.ps1'
[10.973s] INFO:colcon.colcon_core.shell:Creating package descriptor '/home/student/ros2_ws/src/robo1/lab3/install/lab3/share/lab3/package.dsv'
[10.974s] INFO:colcon.colcon_core.shell:Creating package script '/home/student/ros2_ws/src/robo1/lab3/install/lab3/share/lab3/package.sh'
[10.975s] INFO:colcon.colcon_core.shell:Creating package script '/home/student/ros2_ws/src/robo1/lab3/install/lab3/share/lab3/package.bash'
[10.976s] INFO:colcon.colcon_core.shell:Creating package script '/home/student/ros2_ws/src/robo1/lab3/install/lab3/share/lab3/package.zsh'
[10.976s] Level 1:colcon.colcon_core.environment:create_file_with_runtime_dependencies(/home/student/ros2_ws/src/robo1/lab3/install/lab3/share/colcon-core/packages/lab3)
[11.012s] Level 1:colcon.colcon_core.environment:create_environment_scripts_only(lab3)
[11.013s] Level 1:colcon.colcon_core.environment:checking '/home/student/ros2_ws/src/robo1/lab3/install/lab3' for CMake module files
[11.013s] Level 1:colcon.colcon_core.environment:checking '/home/student/ros2_ws/src/robo1/lab3/install/lab3' for CMake config files
[11.014s] Level 1:colcon.colcon_core.shell:create_environment_hook('lab3', 'cmake_prefix_path')
[11.014s] INFO:colcon.colcon_core.shell:Creating environment hook '/home/student/ros2_ws/src/robo1/lab3/install/lab3/share/lab3/hook/cmake_prefix_path.ps1'
[11.015s] INFO:colcon.colcon_core.shell:Creating environment descriptor '/home/student/ros2_ws/src/robo1/lab3/install/lab3/share/lab3/hook/cmake_prefix_path.dsv'
[11.015s] INFO:colcon.colcon_core.shell:Creating environment hook '/home/student/ros2_ws/src/robo1/lab3/install/lab3/share/lab3/hook/cmake_prefix_path.sh'
[11.016s] Level 1:colcon.colcon_core.environment:checking '/home/student/ros2_ws/src/robo1/lab3/install/lab3/lib'
[11.016s] Level 1:colcon.colcon_core.environment:checking '/home/student/ros2_ws/src/robo1/lab3/install/lab3/bin'
[11.016s] Level 1:colcon.colcon_core.environment:checking '/home/student/ros2_ws/src/robo1/lab3/install/lab3/lib/pkgconfig/lab3.pc'
[11.016s] Level 1:colcon.colcon_core.environment:checking '/home/student/ros2_ws/src/robo1/lab3/install/lab3/lib/python3.10/site-packages'
[11.017s] Level 1:colcon.colcon_core.environment:checking '/home/student/ros2_ws/src/robo1/lab3/install/lab3/bin'
[11.017s] INFO:colcon.colcon_core.shell:Creating package script '/home/student/ros2_ws/src/robo1/lab3/install/lab3/share/lab3/package.ps1'
[11.018s] INFO:colcon.colcon_core.shell:Creating package descriptor '/home/student/ros2_ws/src/robo1/lab3/install/lab3/share/lab3/package.dsv'
[11.018s] INFO:colcon.colcon_core.shell:Creating package script '/home/student/ros2_ws/src/robo1/lab3/install/lab3/share/lab3/package.sh'
[11.019s] INFO:colcon.colcon_core.shell:Creating package script '/home/student/ros2_ws/src/robo1/lab3/install/lab3/share/lab3/package.bash'
[11.019s] INFO:colcon.colcon_core.shell:Creating package script '/home/student/ros2_ws/src/robo1/lab3/install/lab3/share/lab3/package.zsh'
[11.020s] Level 1:colcon.colcon_core.environment:create_file_with_runtime_dependencies(/home/student/ros2_ws/src/robo1/lab3/install/lab3/share/colcon-core/packages/lab3)
[11.020s] DEBUG:colcon.colcon_parallel_executor.executor.parallel:closing loop
[11.021s] DEBUG:colcon.colcon_parallel_executor.executor.parallel:loop closed
[11.021s] DEBUG:colcon.colcon_parallel_executor.executor.parallel:run_until_complete finished with '0'
[11.021s] DEBUG:colcon.colcon_core.event_reactor:joining thread
[11.028s] INFO:colcon.colcon_core.plugin_system:Skipping extension 'colcon_notification.desktop_notification.terminal_notifier': Not used on non-Darwin systems
[11.028s] INFO:colcon.colcon_core.plugin_system:Skipping extension 'colcon_notification.desktop_notification.win32': Not used on non-Windows systems
[11.028s] INFO:colcon.colcon_notification.desktop_notification:Sending desktop notification using 'notify2'
[11.044s] DEBUG:colcon.colcon_core.event_reactor:joined thread
[11.045s] INFO:colcon.colcon_core.shell:Creating prefix script '/home/student/ros2_ws/src/robo1/lab3/install/local_setup.ps1'
[11.046s] INFO:colcon.colcon_core.shell:Creating prefix util module '/home/student/ros2_ws/src/robo1/lab3/install/_local_setup_util_ps1.py'
[11.048s] INFO:colcon.colcon_core.shell:Creating prefix chain script '/home/student/ros2_ws/src/robo1/lab3/install/setup.ps1'
[11.051s] INFO:colcon.colcon_core.shell:Creating prefix script '/home/student/ros2_ws/src/robo1/lab3/install/local_setup.sh'
[11.051s] INFO:colcon.colcon_core.shell:Creating prefix util module '/home/student/ros2_ws/src/robo1/lab3/install/_local_setup_util_sh.py'
[11.052s] INFO:colcon.colcon_core.shell:Creating prefix chain script '/home/student/ros2_ws/src/robo1/lab3/install/setup.sh'
[11.055s] INFO:colcon.colcon_core.shell:Creating prefix script '/home/student/ros2_ws/src/robo1/lab3/install/local_setup.bash'
[11.056s] INFO:colcon.colcon_core.shell:Creating prefix chain script '/home/student/ros2_ws/src/robo1/lab3/install/setup.bash'
[11.058s] INFO:colcon.colcon_core.shell:Creating prefix script '/home/student/ros2_ws/src/robo1/lab3/install/local_setup.zsh'
[11.059s] INFO:colcon.colcon_core.shell:Creating prefix chain script '/home/student/ros2_ws/src/robo1/lab3/install/setup.zsh'
