-- The C compiler identification is GNU 11.4.0
-- The CXX compiler identification is GNU 11.4.0
-- Detecting C compiler ABI info
-- Detecting C compiler ABI info - done
-- Check for working C compiler: /usr/bin/cc - skipped
-- Detecting C compile features
-- Detecting C compile features - done
-- Detecting CXX compiler ABI info
-- Detecting CXX compiler ABI info - done
-- Check for working CXX compiler: /usr/bin/c++ - skipped
-- Detecting CXX compile features
-- Detecting CXX compile features - done
-- Found ament_cmake: 1.3.10 (/opt/ros/humble/share/ament_cmake/cmake)
-- Found Python3: /usr/bin/python3 (found version "3.10.12") found components: Interpreter 
-- Found rclcpp: 16.0.10 (/opt/ros/humble/share/rclcpp/cmake)
-- Found rosidl_generator_c: 3.1.5 (/opt/ros/humble/share/rosidl_generator_c/cmake)
-- Found rosidl_adapter: 3.1.5 (/opt/ros/humble/share/rosidl_adapter/cmake)
-- Found rosidl_generator_cpp: 3.1.5 (/opt/ros/humble/share/rosidl_generator_cpp/cmake)
-- Using all available rosidl_typesupport_c: rosidl_typesupport_fastrtps_c;rosidl_typesupport_introspection_c
-- Using all available rosidl_typesupport_cpp: rosidl_typesupport_fastrtps_cpp;rosidl_typesupport_introspection_cpp
-- Found rmw_implementation_cmake: 6.1.2 (/opt/ros/humble/share/rmw_implementation_cmake/cmake)
-- Found rmw_fastrtps_cpp: 6.2.7 (/opt/ros/humble/share/rmw_fastrtps_cpp/cmake)
-- Found OpenSSL: /usr/lib/x86_64-linux-gnu/libcrypto.so (found version "3.0.2")  
-- Found FastRTPS: /opt/ros/humble/include  
-- Using RMW implementation 'rmw_fastrtps_cpp' as default
-- Looking for pthread.h
-- Looking for pthread.h - found
-- Performing Test CMAKE_HAVE_LIBC_PTHREAD
-- Performing Test CMAKE_HAVE_LIBC_PTHREAD - Success
-- Found Threads: TRUE  
-- Found sensor_msgs: 4.2.4 (/opt/ros/humble/share/sensor_msgs/cmake)
-- Found cv_bridge: 3.2.1 (/opt/ros/humble/share/cv_bridge/cmake)
-- Found OpenCV: /usr (found version "4.5.4") 
-- Configuring done
-- Generating done
-- Build files have been written to: /home/student/ros2_ws/src/robo1/lab5/build/lab5
[ 50%] [32mBuilding CXX object CMakeFiles/local_map.dir/src/lab5.cpp.o[0m
[100%] [32m[1mLinking CXX executable local_map[0m
[100%] Built target local_map
-- Install configuration: ""
-- Installing: /home/student/ros2_ws/src/robo1/lab5/install/lab5/lib/lab5/local_map
-- Set runtime path of "/home/student/ros2_ws/src/robo1/lab5/install/lab5/lib/lab5/local_map" to ""
-- Installing: /home/student/ros2_ws/src/robo1/lab5/install/lab5/share/ament_index/resource_index/package_run_dependencies/lab5
-- Installing: /home/student/ros2_ws/src/robo1/lab5/install/lab5/share/ament_index/resource_index/parent_prefix_path/lab5
-- Installing: /home/student/ros2_ws/src/robo1/lab5/install/lab5/share/lab5/environment/ament_prefix_path.sh
-- Installing: /home/student/ros2_ws/src/robo1/lab5/install/lab5/share/lab5/environment/ament_prefix_path.dsv
-- Installing: /home/student/ros2_ws/src/robo1/lab5/install/lab5/share/lab5/environment/path.sh
-- Installing: /home/student/ros2_ws/src/robo1/lab5/install/lab5/share/lab5/environment/path.dsv
-- Installing: /home/student/ros2_ws/src/robo1/lab5/install/lab5/share/lab5/local_setup.bash
-- Installing: /home/student/ros2_ws/src/robo1/lab5/install/lab5/share/lab5/local_setup.sh
-- Installing: /home/student/ros2_ws/src/robo1/lab5/install/lab5/share/lab5/local_setup.zsh
-- Installing: /home/student/ros2_ws/src/robo1/lab5/install/lab5/share/lab5/local_setup.dsv
-- Installing: /home/student/ros2_ws/src/robo1/lab5/install/lab5/share/lab5/package.dsv
-- Installing: /home/student/ros2_ws/src/robo1/lab5/install/lab5/share/ament_index/resource_index/packages/lab5
-- Installing: /home/student/ros2_ws/src/robo1/lab5/install/lab5/share/lab5/cmake/lab5Config.cmake
-- Installing: /home/student/ros2_ws/src/robo1/lab5/install/lab5/share/lab5/cmake/lab5Config-version.cmake
-- Installing: /home/student/ros2_ws/src/robo1/lab5/install/lab5/share/lab5/package.xml
