[0.015s] Invoking command in '/home/student/ros2_ws/src/robo1/lab5/build/lab5': CMAKE_PREFIX_PATH=${CMAKE_PREFIX_PATH}:/home/student/ros2_ws/install/turtlebot3_teleop:/home/student/ros2_ws/install/turtlebot3_example:/opt/ros/humble /usr/bin/cmake /home/student/ros2_ws/src/robo1/lab5 -DCMAKE_INSTALL_PREFIX=/home/student/ros2_ws/src/robo1/lab5/install/lab5
[0.092s] -- The C compiler identification is GNU 11.4.0
[0.162s] -- The CXX compiler identification is GNU 11.4.0
[0.170s] -- Detecting C compiler ABI info
[0.262s] -- Detecting C compiler ABI info - done
[0.270s] -- Check for working C compiler: /usr/bin/cc - skipped
[0.270s] -- Detecting C compile features
[0.271s] -- Detecting C compile features - done
[0.274s] -- Detecting CXX compiler ABI info
[0.392s] -- Detecting CXX compiler ABI info - done
[0.401s] -- Check for working CXX compiler: /usr/bin/c++ - skipped
[0.402s] -- Detecting CXX compile features
[0.402s] -- Detecting CXX compile features - done
[0.408s] -- Found ament_cmake: 1.3.10 (/opt/ros/humble/share/ament_cmake/cmake)
[0.605s] -- Found Python3: /usr/bin/python3 (found version "3.10.12") found components: Interpreter 
[0.746s] -- Found rclcpp: 16.0.10 (/opt/ros/humble/share/rclcpp/cmake)
[0.826s] -- Found rosidl_generator_c: 3.1.5 (/opt/ros/humble/share/rosidl_generator_c/cmake)
[0.841s] -- Found rosidl_adapter: 3.1.5 (/opt/ros/humble/share/rosidl_adapter/cmake)
[0.860s] -- Found rosidl_generator_cpp: 3.1.5 (/opt/ros/humble/share/rosidl_generator_cpp/cmake)
[0.893s] -- Using all available rosidl_typesupport_c: rosidl_typesupport_fastrtps_c;rosidl_typesupport_introspection_c
[0.922s] -- Using all available rosidl_typesupport_cpp: rosidl_typesupport_fastrtps_cpp;rosidl_typesupport_introspection_cpp
[0.993s] -- Found rmw_implementation_cmake: 6.1.2 (/opt/ros/humble/share/rmw_implementation_cmake/cmake)
[0.998s] -- Found rmw_fastrtps_cpp: 6.2.7 (/opt/ros/humble/share/rmw_fastrtps_cpp/cmake)
[1.116s] -- Found OpenSSL: /usr/lib/x86_64-linux-gnu/libcrypto.so (found version "3.0.2")  
[1.154s] -- Found FastRTPS: /opt/ros/humble/include  
[1.206s] -- Using RMW implementation 'rmw_fastrtps_cpp' as default
[1.222s] -- Looking for pthread.h
[1.318s] -- Looking for pthread.h - found
[1.319s] -- Performing Test CMAKE_HAVE_LIBC_PTHREAD
[1.413s] -- Performing Test CMAKE_HAVE_LIBC_PTHREAD - Success
[1.415s] -- Found Threads: TRUE  
[1.484s] -- Found sensor_msgs: 4.2.4 (/opt/ros/humble/share/sensor_msgs/cmake)
[1.524s] -- Found cv_bridge: 3.2.1 (/opt/ros/humble/share/cv_bridge/cmake)
[1.541s] -- Found OpenCV: /usr (found version "4.5.4") 
[1.627s] -- Configuring done
[1.642s] -- Generating done
[1.643s] -- Build files have been written to: /home/student/ros2_ws/src/robo1/lab5/build/lab5
[1.659s] Invoked command in '/home/student/ros2_ws/src/robo1/lab5/build/lab5' returned '0': CMAKE_PREFIX_PATH=${CMAKE_PREFIX_PATH}:/home/student/ros2_ws/install/turtlebot3_teleop:/home/student/ros2_ws/install/turtlebot3_example:/opt/ros/humble /usr/bin/cmake /home/student/ros2_ws/src/robo1/lab5 -DCMAKE_INSTALL_PREFIX=/home/student/ros2_ws/src/robo1/lab5/install/lab5
[1.661s] Invoking command in '/home/student/ros2_ws/src/robo1/lab5/build/lab5': CMAKE_PREFIX_PATH=${CMAKE_PREFIX_PATH}:/home/student/ros2_ws/install/turtlebot3_teleop:/home/student/ros2_ws/install/turtlebot3_example:/opt/ros/humble /usr/bin/cmake --build /home/student/ros2_ws/src/robo1/lab5/build/lab5 -- -j8 -l8
[1.732s] [ 50%] [32mBuilding CXX object CMakeFiles/local_map.dir/src/lab5.cpp.o[0m
[12.785s] [100%] [32m[1mLinking CXX executable local_map[0m
[13.781s] [100%] Built target local_map
[13.799s] Invoked command in '/home/student/ros2_ws/src/robo1/lab5/build/lab5' returned '0': CMAKE_PREFIX_PATH=${CMAKE_PREFIX_PATH}:/home/student/ros2_ws/install/turtlebot3_teleop:/home/student/ros2_ws/install/turtlebot3_example:/opt/ros/humble /usr/bin/cmake --build /home/student/ros2_ws/src/robo1/lab5/build/lab5 -- -j8 -l8
[13.855s] Invoking command in '/home/student/ros2_ws/src/robo1/lab5/build/lab5': CMAKE_PREFIX_PATH=${CMAKE_PREFIX_PATH}:/home/student/ros2_ws/install/turtlebot3_teleop:/home/student/ros2_ws/install/turtlebot3_example:/opt/ros/humble /usr/bin/cmake --install /home/student/ros2_ws/src/robo1/lab5/build/lab5
[13.868s] -- Install configuration: ""
[13.869s] -- Installing: /home/student/ros2_ws/src/robo1/lab5/install/lab5/lib/lab5/local_map
[13.875s] -- Set runtime path of "/home/student/ros2_ws/src/robo1/lab5/install/lab5/lib/lab5/local_map" to ""
[13.875s] -- Installing: /home/student/ros2_ws/src/robo1/lab5/install/lab5/share/ament_index/resource_index/package_run_dependencies/lab5
[13.876s] -- Installing: /home/student/ros2_ws/src/robo1/lab5/install/lab5/share/ament_index/resource_index/parent_prefix_path/lab5
[13.876s] -- Installing: /home/student/ros2_ws/src/robo1/lab5/install/lab5/share/lab5/environment/ament_prefix_path.sh
[13.876s] -- Installing: /home/student/ros2_ws/src/robo1/lab5/install/lab5/share/lab5/environment/ament_prefix_path.dsv
[13.876s] -- Installing: /home/student/ros2_ws/src/robo1/lab5/install/lab5/share/lab5/environment/path.sh
[13.876s] -- Installing: /home/student/ros2_ws/src/robo1/lab5/install/lab5/share/lab5/environment/path.dsv
[13.877s] -- Installing: /home/student/ros2_ws/src/robo1/lab5/install/lab5/share/lab5/local_setup.bash
[13.877s] -- Installing: /home/student/ros2_ws/src/robo1/lab5/install/lab5/share/lab5/local_setup.sh
[13.877s] -- Installing: /home/student/ros2_ws/src/robo1/lab5/install/lab5/share/lab5/local_setup.zsh
[13.877s] -- Installing: /home/student/ros2_ws/src/robo1/lab5/install/lab5/share/lab5/local_setup.dsv
[13.878s] -- Installing: /home/student/ros2_ws/src/robo1/lab5/install/lab5/share/lab5/package.dsv
[13.878s] -- Installing: /home/student/ros2_ws/src/robo1/lab5/install/lab5/share/ament_index/resource_index/packages/lab5
[13.878s] -- Installing: /home/student/ros2_ws/src/robo1/lab5/install/lab5/share/lab5/cmake/lab5Config.cmake
[13.879s] -- Installing: /home/student/ros2_ws/src/robo1/lab5/install/lab5/share/lab5/cmake/lab5Config-version.cmake
[13.879s] -- Installing: /home/student/ros2_ws/src/robo1/lab5/install/lab5/share/lab5/package.xml
[13.882s] Invoked command in '/home/student/ros2_ws/src/robo1/lab5/build/lab5' returned '0': CMAKE_PREFIX_PATH=${CMAKE_PREFIX_PATH}:/home/student/ros2_ws/install/turtlebot3_teleop:/home/student/ros2_ws/install/turtlebot3_example:/opt/ros/humble /usr/bin/cmake --install /home/student/ros2_ws/src/robo1/lab5/build/lab5
