[0.015s] Invoking command in '/home/student/ros2_ws/src/robo1/lab1/build/lab1': CMAKE_PREFIX_PATH=${CMAKE_PREFIX_PATH}:/home/student/ros2_ws/install/turtlebot3_teleop:/home/student/ros2_ws/install/turtlebot3_example:/opt/ros/humble /usr/bin/cmake /home/student/ros2_ws/src/robo1/lab1 -DCMAKE_INSTALL_PREFIX=/home/student/ros2_ws/src/robo1/lab1/install/lab1
[0.096s] -- The C compiler identification is GNU 11.4.0
[0.174s] -- The CXX compiler identification is GNU 11.4.0
[0.185s] -- Detecting C compiler ABI info
[0.288s] -- Detecting C compiler ABI info - done
[0.301s] -- Check for working C compiler: /usr/bin/cc - skipped
[0.301s] -- Detecting C compile features
[0.301s] -- Detecting C compile features - done
[0.306s] -- Detecting CXX compiler ABI info
[0.421s] -- Detecting CXX compiler ABI info - done
[0.437s] -- Check for working CXX compiler: /usr/bin/c++ - skipped
[0.437s] -- Detecting CXX compile features
[0.438s] -- Detecting CXX compile features - done
[0.444s] -- Found ament_cmake: 1.3.9 (/opt/ros/humble/share/ament_cmake/cmake)
[0.655s] -- Found Python3: /usr/bin/python3 (found version "3.10.12") found components: Interpreter 
[0.792s] -- Found ament_lint_auto: 0.12.11 (/opt/ros/humble/share/ament_lint_auto/cmake)
[0.916s] -- Added test 'cppcheck' to perform static code analysis on C / C++ code
[0.916s] -- Configured cppcheck include dirs: 
[0.916s] -- Configured cppcheck exclude dirs and/or files: 
[0.920s] -- Added test 'lint_cmake' to check CMake code style
[0.931s] -- Added test 'uncrustify' to check C / C++ code style
[0.931s] -- Configured uncrustify additional arguments: 
[0.934s] -- Added test 'xmllint' to check XML markup files
[0.937s] -- Configuring done
[0.941s] -- Generating done
[0.943s] -- Build files have been written to: /home/student/ros2_ws/src/robo1/lab1/build/lab1
[0.955s] Invoked command in '/home/student/ros2_ws/src/robo1/lab1/build/lab1' returned '0': CMAKE_PREFIX_PATH=${CMAKE_PREFIX_PATH}:/home/student/ros2_ws/install/turtlebot3_teleop:/home/student/ros2_ws/install/turtlebot3_example:/opt/ros/humble /usr/bin/cmake /home/student/ros2_ws/src/robo1/lab1 -DCMAKE_INSTALL_PREFIX=/home/student/ros2_ws/src/robo1/lab1/install/lab1
[0.956s] Invoking command in '/home/student/ros2_ws/src/robo1/lab1/build/lab1': CMAKE_PREFIX_PATH=${CMAKE_PREFIX_PATH}:/home/student/ros2_ws/install/turtlebot3_teleop:/home/student/ros2_ws/install/turtlebot3_example:/opt/ros/humble /usr/bin/cmake --build /home/student/ros2_ws/src/robo1/lab1/build/lab1 -- -j8 -l8
[1.013s] Invoked command in '/home/student/ros2_ws/src/robo1/lab1/build/lab1' returned '0': CMAKE_PREFIX_PATH=${CMAKE_PREFIX_PATH}:/home/student/ros2_ws/install/turtlebot3_teleop:/home/student/ros2_ws/install/turtlebot3_example:/opt/ros/humble /usr/bin/cmake --build /home/student/ros2_ws/src/robo1/lab1/build/lab1 -- -j8 -l8
[1.061s] Invoking command in '/home/student/ros2_ws/src/robo1/lab1/build/lab1': CMAKE_PREFIX_PATH=${CMAKE_PREFIX_PATH}:/home/student/ros2_ws/install/turtlebot3_teleop:/home/student/ros2_ws/install/turtlebot3_example:/opt/ros/humble /usr/bin/cmake --install /home/student/ros2_ws/src/robo1/lab1/build/lab1
[1.075s] -- Install configuration: ""
[1.076s] -- Installing: /home/student/ros2_ws/src/robo1/lab1/install/lab1/share/ament_index/resource_index/package_run_dependencies/lab1
[1.076s] -- Installing: /home/student/ros2_ws/src/robo1/lab1/install/lab1/share/ament_index/resource_index/parent_prefix_path/lab1
[1.076s] -- Installing: /home/student/ros2_ws/src/robo1/lab1/install/lab1/share/lab1/environment/ament_prefix_path.sh
[1.077s] -- Installing: /home/student/ros2_ws/src/robo1/lab1/install/lab1/share/lab1/environment/ament_prefix_path.dsv
[1.077s] -- Installing: /home/student/ros2_ws/src/robo1/lab1/install/lab1/share/lab1/environment/path.sh
[1.077s] -- Installing: /home/student/ros2_ws/src/robo1/lab1/install/lab1/share/lab1/environment/path.dsv
[1.077s] -- Installing: /home/student/ros2_ws/src/robo1/lab1/install/lab1/share/lab1/local_setup.bash
[1.078s] -- Installing: /home/student/ros2_ws/src/robo1/lab1/install/lab1/share/lab1/local_setup.sh
[1.078s] -- Installing: /home/student/ros2_ws/src/robo1/lab1/install/lab1/share/lab1/local_setup.zsh
[1.078s] -- Installing: /home/student/ros2_ws/src/robo1/lab1/install/lab1/share/lab1/local_setup.dsv
[1.079s] -- Installing: /home/student/ros2_ws/src/robo1/lab1/install/lab1/share/lab1/package.dsv
[1.079s] -- Installing: /home/student/ros2_ws/src/robo1/lab1/install/lab1/share/ament_index/resource_index/packages/lab1
[1.079s] -- Installing: /home/student/ros2_ws/src/robo1/lab1/install/lab1/share/lab1/cmake/lab1Config.cmake
[1.080s] -- Installing: /home/student/ros2_ws/src/robo1/lab1/install/lab1/share/lab1/cmake/lab1Config-version.cmake
[1.080s] -- Installing: /home/student/ros2_ws/src/robo1/lab1/install/lab1/share/lab1/package.xml
[1.082s] Invoked command in '/home/student/ros2_ws/src/robo1/lab1/build/lab1' returned '0': CMAKE_PREFIX_PATH=${CMAKE_PREFIX_PATH}:/home/student/ros2_ws/install/turtlebot3_teleop:/home/student/ros2_ws/install/turtlebot3_example:/opt/ros/humble /usr/bin/cmake --install /home/student/ros2_ws/src/robo1/lab1/build/lab1
