[1.430s] DEBUG:colcon:Command line arguments: ['/usr/bin/colcon', 'build', '--symlink-install', '--packages-select', 'lab2']
[1.430s] DEBUG:colcon:Parsed command line arguments: Namespace(log_base=None, log_level=None, verb_name='build', build_base='build', install_base='install', merge_install=False, symlink_install=True, test_result_base=None, continue_on_error=False, executor='parallel', parallel_workers=8, event_handlers=None, ignore_user_meta=False, metas=['./colcon.meta'], base_paths=['.'], packages_ignore=None, packages_ignore_regex=None, paths=None, packages_up_to=None, packages_up_to_regex=None, packages_above=None, packages_above_and_dependencies=None, packages_above_depth=None, packages_select_by_dep=None, packages_skip_by_dep=None, packages_skip_up_to=None, packages_select_build_failed=False, packages_skip_build_finished=False, packages_select_test_failures=False, packages_skip_test_passed=False, packages_select=['lab2'], packages_skip=None, packages_select_regex=None, packages_skip_regex=None, packages_start=None, packages_end=None, allow_overriding=[], cmake_args=None, cmake_target=None, cmake_target_skip_unavailable=False, cmake_clean_cache=False, cmake_clean_first=False, cmake_force_configure=False, ament_cmake_args=None, catkin_cmake_args=None, catkin_skip_building_tests=False, mixin_files=None, mixin=None, verb_parser=<colcon_mixin.mixin.mixin_argument.MixinArgumentDecorator object at 0x7a6a38a33670>, verb_extension=<colcon_core.verb.build.BuildVerb object at 0x7a6a38a32c50>, main=<bound method BuildVerb.main of <colcon_core.verb.build.BuildVerb object at 0x7a6a38a32c50>>, mixin_verb=('build',))
[3.041s] Level 1:colcon.colcon_core.package_discovery:discover_packages(colcon_meta) check parameters
[3.042s] Level 1:colcon.colcon_core.package_discovery:discover_packages(recursive) check parameters
[3.042s] Level 1:colcon.colcon_core.package_discovery:discover_packages(ignore) check parameters
[3.042s] Level 1:colcon.colcon_core.package_discovery:discover_packages(path) check parameters
[3.042s] Level 1:colcon.colcon_core.package_discovery:discover_packages(colcon_meta) discover
[3.042s] Level 1:colcon.colcon_core.package_discovery:discover_packages(recursive) discover
[3.042s] INFO:colcon.colcon_core.package_discovery:Crawling recursively for packages in '/home/student/ros2_ws/src/robo1/lab2'
[3.042s] Level 1:colcon.colcon_core.package_identification:_identify(.) by extensions ['ignore', 'ignore_ament_install']
[3.042s] Level 1:colcon.colcon_core.package_identification:_identify(.) by extension 'ignore'
[3.042s] Level 1:colcon.colcon_core.package_identification:_identify(.) by extension 'ignore_ament_install'
[3.042s] Level 1:colcon.colcon_core.package_identification:_identify(.) by extensions ['colcon_pkg']
[3.042s] Level 1:colcon.colcon_core.package_identification:_identify(.) by extension 'colcon_pkg'
[3.042s] Level 1:colcon.colcon_core.package_identification:_identify(.) by extensions ['colcon_meta']
[3.042s] Level 1:colcon.colcon_core.package_identification:_identify(.) by extension 'colcon_meta'
[3.042s] Level 1:colcon.colcon_core.package_identification:_identify(.) by extensions ['ros']
[3.043s] Level 1:colcon.colcon_core.package_identification:_identify(.) by extension 'ros'
[3.059s] DEBUG:colcon.colcon_core.package_identification:Package '.' with type 'ros.ament_cmake' and name 'lab2'
[3.059s] Level 1:colcon.colcon_core.package_discovery:discover_packages(recursive) using defaults
[3.059s] Level 1:colcon.colcon_core.package_discovery:discover_packages(ignore) discover
[3.059s] Level 1:colcon.colcon_core.package_discovery:discover_packages(ignore) using defaults
[3.059s] Level 1:colcon.colcon_core.package_discovery:discover_packages(path) discover
[3.059s] Level 1:colcon.colcon_core.package_discovery:discover_packages(path) using defaults
[3.142s] Level 1:colcon.colcon_core.package_discovery:discover_packages(prefix_path) check parameters
[3.142s] Level 1:colcon.colcon_core.package_discovery:discover_packages(prefix_path) discover
[3.151s] DEBUG:colcon.colcon_installed_package_information.package_discovery:Found 18 installed packages in /home/student/ros2_ws/install
[3.152s] DEBUG:colcon.colcon_installed_package_information.package_discovery:Found 371 installed packages in /opt/ros/humble
[3.154s] Level 1:colcon.colcon_core.package_discovery:discover_packages(prefix_path) using defaults
[3.274s] Level 5:colcon.colcon_core.verb:set package 'lab2' build argument 'cmake_args' from command line to 'None'
[3.274s] Level 5:colcon.colcon_core.verb:set package 'lab2' build argument 'cmake_target' from command line to 'None'
[3.274s] Level 5:colcon.colcon_core.verb:set package 'lab2' build argument 'cmake_target_skip_unavailable' from command line to 'False'
[3.274s] Level 5:colcon.colcon_core.verb:set package 'lab2' build argument 'cmake_clean_cache' from command line to 'False'
[3.274s] Level 5:colcon.colcon_core.verb:set package 'lab2' build argument 'cmake_clean_first' from command line to 'False'
[3.274s] Level 5:colcon.colcon_core.verb:set package 'lab2' build argument 'cmake_force_configure' from command line to 'False'
[3.274s] Level 5:colcon.colcon_core.verb:set package 'lab2' build argument 'ament_cmake_args' from command line to 'None'
[3.274s] Level 5:colcon.colcon_core.verb:set package 'lab2' build argument 'catkin_cmake_args' from command line to 'None'
[3.275s] Level 5:colcon.colcon_core.verb:set package 'lab2' build argument 'catkin_skip_building_tests' from command line to 'False'
[3.275s] DEBUG:colcon.colcon_core.verb:Building package 'lab2' with the following arguments: {'ament_cmake_args': None, 'build_base': '/home/student/ros2_ws/src/robo1/lab2/build/lab2', 'catkin_cmake_args': None, 'catkin_skip_building_tests': False, 'cmake_args': None, 'cmake_clean_cache': False, 'cmake_clean_first': False, 'cmake_force_configure': False, 'cmake_target': None, 'cmake_target_skip_unavailable': False, 'install_base': '/home/student/ros2_ws/src/robo1/lab2/install/lab2', 'merge_install': False, 'path': '/home/student/ros2_ws/src/robo1/lab2', 'symlink_install': True, 'test_result_base': None}
[3.275s] INFO:colcon.colcon_core.executor:Executing jobs using 'parallel' executor
[3.276s] DEBUG:colcon.colcon_parallel_executor.executor.parallel:run_until_complete
[3.276s] INFO:colcon.colcon_ros.task.ament_cmake.build:Building ROS package in '/home/student/ros2_ws/src/robo1/lab2' with build type 'ament_cmake'
[3.277s] INFO:colcon.colcon_cmake.task.cmake.build:Building CMake package in '/home/student/ros2_ws/src/robo1/lab2'
[3.284s] INFO:colcon.colcon_core.plugin_system:Skipping extension 'colcon_core.shell.bat': Not used on non-Windows systems
[3.285s] INFO:colcon.colcon_core.shell:Skip shell extension 'powershell' for command environment: Not usable outside of PowerShell
[3.285s] DEBUG:colcon.colcon_core.shell:Skip shell extension 'dsv' for command environment
[3.297s] DEBUG:colcon.colcon_core.event_handler.log_command:Invoking command in '/home/student/ros2_ws/src/robo1/lab2/build/lab2': CMAKE_PREFIX_PATH=${CMAKE_PREFIX_PATH}:/home/student/ros2_ws/install/turtlesim:/home/student/ros2_ws/install/turtlebot3_teleop:/home/student/ros2_ws/install/turtlebot3_example:/opt/ros/humble /usr/bin/cmake /home/student/ros2_ws/src/robo1/lab2 -DAMENT_CMAKE_SYMLINK_INSTALL=1 -DCMAKE_INSTALL_PREFIX=/home/student/ros2_ws/src/robo1/lab2/install/lab2
[5.696s] DEBUG:colcon.colcon_core.event_handler.log_command:Invoked command in '/home/student/ros2_ws/src/robo1/lab2/build/lab2' returned '0': CMAKE_PREFIX_PATH=${CMAKE_PREFIX_PATH}:/home/student/ros2_ws/install/turtlesim:/home/student/ros2_ws/install/turtlebot3_teleop:/home/student/ros2_ws/install/turtlebot3_example:/opt/ros/humble /usr/bin/cmake /home/student/ros2_ws/src/robo1/lab2 -DAMENT_CMAKE_SYMLINK_INSTALL=1 -DCMAKE_INSTALL_PREFIX=/home/student/ros2_ws/src/robo1/lab2/install/lab2
[5.699s] DEBUG:colcon.colcon_core.event_handler.log_command:Invoking command in '/home/student/ros2_ws/src/robo1/lab2/build/lab2': CMAKE_PREFIX_PATH=${CMAKE_PREFIX_PATH}:/home/student/ros2_ws/install/turtlesim:/home/student/ros2_ws/install/turtlebot3_teleop:/home/student/ros2_ws/install/turtlebot3_example:/opt/ros/humble /usr/bin/cmake --build /home/student/ros2_ws/src/robo1/lab2/build/lab2 -- -j8 -l8
[17.199s] DEBUG:colcon.colcon_core.event_handler.log_command:Invoked command in '/home/student/ros2_ws/src/robo1/lab2/build/lab2' returned '0': CMAKE_PREFIX_PATH=${CMAKE_PREFIX_PATH}:/home/student/ros2_ws/install/turtlesim:/home/student/ros2_ws/install/turtlebot3_teleop:/home/student/ros2_ws/install/turtlebot3_example:/opt/ros/humble /usr/bin/cmake --build /home/student/ros2_ws/src/robo1/lab2/build/lab2 -- -j8 -l8
[17.245s] DEBUG:colcon.colcon_core.event_handler.log_command:Invoking command in '/home/student/ros2_ws/src/robo1/lab2/build/lab2': CMAKE_PREFIX_PATH=${CMAKE_PREFIX_PATH}:/home/student/ros2_ws/install/turtlesim:/home/student/ros2_ws/install/turtlebot3_teleop:/home/student/ros2_ws/install/turtlebot3_example:/opt/ros/humble /usr/bin/cmake --install /home/student/ros2_ws/src/robo1/lab2/build/lab2
[17.450s] Level 1:colcon.colcon_core.environment:create_environment_scripts_only(lab2)
[17.451s] DEBUG:colcon.colcon_core.event_handler.log_command:Invoked command in '/home/student/ros2_ws/src/robo1/lab2/build/lab2' returned '0': CMAKE_PREFIX_PATH=${CMAKE_PREFIX_PATH}:/home/student/ros2_ws/install/turtlesim:/home/student/ros2_ws/install/turtlebot3_teleop:/home/student/ros2_ws/install/turtlebot3_example:/opt/ros/humble /usr/bin/cmake --install /home/student/ros2_ws/src/robo1/lab2/build/lab2
[17.455s] Level 1:colcon.colcon_core.environment:checking '/home/student/ros2_ws/src/robo1/lab2/install/lab2' for CMake module files
[17.455s] Level 1:colcon.colcon_core.environment:checking '/home/student/ros2_ws/src/robo1/lab2/install/lab2' for CMake config files
[17.455s] Level 1:colcon.colcon_core.shell:create_environment_hook('lab2', 'cmake_prefix_path')
[17.456s] INFO:colcon.colcon_core.shell:Creating environment hook '/home/student/ros2_ws/src/robo1/lab2/install/lab2/share/lab2/hook/cmake_prefix_path.ps1'
[17.461s] INFO:colcon.colcon_core.shell:Creating environment descriptor '/home/student/ros2_ws/src/robo1/lab2/install/lab2/share/lab2/hook/cmake_prefix_path.dsv'
[17.461s] INFO:colcon.colcon_core.shell:Creating environment hook '/home/student/ros2_ws/src/robo1/lab2/install/lab2/share/lab2/hook/cmake_prefix_path.sh'
[17.465s] Level 1:colcon.colcon_core.environment:checking '/home/student/ros2_ws/src/robo1/lab2/install/lab2/lib'
[17.466s] Level 1:colcon.colcon_core.environment:checking '/home/student/ros2_ws/src/robo1/lab2/install/lab2/bin'
[17.466s] Level 1:colcon.colcon_core.environment:checking '/home/student/ros2_ws/src/robo1/lab2/install/lab2/lib/pkgconfig/lab2.pc'
[17.466s] Level 1:colcon.colcon_core.environment:checking '/home/student/ros2_ws/src/robo1/lab2/install/lab2/lib/python3.10/site-packages'
[17.466s] Level 1:colcon.colcon_core.environment:checking '/home/student/ros2_ws/src/robo1/lab2/install/lab2/bin'
[17.467s] INFO:colcon.colcon_core.shell:Creating package script '/home/student/ros2_ws/src/robo1/lab2/install/lab2/share/lab2/package.ps1'
[17.468s] INFO:colcon.colcon_core.shell:Creating package descriptor '/home/student/ros2_ws/src/robo1/lab2/install/lab2/share/lab2/package.dsv'
[17.471s] INFO:colcon.colcon_core.shell:Creating package script '/home/student/ros2_ws/src/robo1/lab2/install/lab2/share/lab2/package.sh'
[17.475s] INFO:colcon.colcon_core.shell:Creating package script '/home/student/ros2_ws/src/robo1/lab2/install/lab2/share/lab2/package.bash'
[17.476s] INFO:colcon.colcon_core.shell:Creating package script '/home/student/ros2_ws/src/robo1/lab2/install/lab2/share/lab2/package.zsh'
[17.480s] Level 1:colcon.colcon_core.environment:create_file_with_runtime_dependencies(/home/student/ros2_ws/src/robo1/lab2/install/lab2/share/colcon-core/packages/lab2)
[17.521s] Level 1:colcon.colcon_core.environment:create_environment_scripts_only(lab2)
[17.522s] Level 1:colcon.colcon_core.environment:checking '/home/student/ros2_ws/src/robo1/lab2/install/lab2' for CMake module files
[17.523s] Level 1:colcon.colcon_core.environment:checking '/home/student/ros2_ws/src/robo1/lab2/install/lab2' for CMake config files
[17.523s] Level 1:colcon.colcon_core.shell:create_environment_hook('lab2', 'cmake_prefix_path')
[17.524s] INFO:colcon.colcon_core.shell:Creating environment hook '/home/student/ros2_ws/src/robo1/lab2/install/lab2/share/lab2/hook/cmake_prefix_path.ps1'
[17.524s] INFO:colcon.colcon_core.shell:Creating environment descriptor '/home/student/ros2_ws/src/robo1/lab2/install/lab2/share/lab2/hook/cmake_prefix_path.dsv'
[17.525s] INFO:colcon.colcon_core.shell:Creating environment hook '/home/student/ros2_ws/src/robo1/lab2/install/lab2/share/lab2/hook/cmake_prefix_path.sh'
[17.526s] Level 1:colcon.colcon_core.environment:checking '/home/student/ros2_ws/src/robo1/lab2/install/lab2/lib'
[17.526s] Level 1:colcon.colcon_core.environment:checking '/home/student/ros2_ws/src/robo1/lab2/install/lab2/bin'
[17.526s] Level 1:colcon.colcon_core.environment:checking '/home/student/ros2_ws/src/robo1/lab2/install/lab2/lib/pkgconfig/lab2.pc'
[17.526s] Level 1:colcon.colcon_core.environment:checking '/home/student/ros2_ws/src/robo1/lab2/install/lab2/lib/python3.10/site-packages'
[17.527s] Level 1:colcon.colcon_core.environment:checking '/home/student/ros2_ws/src/robo1/lab2/install/lab2/bin'
[17.527s] INFO:colcon.colcon_core.shell:Creating package script '/home/student/ros2_ws/src/robo1/lab2/install/lab2/share/lab2/package.ps1'
[17.528s] INFO:colcon.colcon_core.shell:Creating package descriptor '/home/student/ros2_ws/src/robo1/lab2/install/lab2/share/lab2/package.dsv'
[17.528s] INFO:colcon.colcon_core.shell:Creating package script '/home/student/ros2_ws/src/robo1/lab2/install/lab2/share/lab2/package.sh'
[17.529s] INFO:colcon.colcon_core.shell:Creating package script '/home/student/ros2_ws/src/robo1/lab2/install/lab2/share/lab2/package.bash'
[17.530s] INFO:colcon.colcon_core.shell:Creating package script '/home/student/ros2_ws/src/robo1/lab2/install/lab2/share/lab2/package.zsh'
[17.530s] Level 1:colcon.colcon_core.environment:create_file_with_runtime_dependencies(/home/student/ros2_ws/src/robo1/lab2/install/lab2/share/colcon-core/packages/lab2)
[17.531s] DEBUG:colcon.colcon_parallel_executor.executor.parallel:closing loop
[17.531s] DEBUG:colcon.colcon_parallel_executor.executor.parallel:loop closed
[17.531s] DEBUG:colcon.colcon_parallel_executor.executor.parallel:run_until_complete finished with '0'
[17.532s] DEBUG:colcon.colcon_core.event_reactor:joining thread
[17.543s] INFO:colcon.colcon_core.plugin_system:Skipping extension 'colcon_notification.desktop_notification.terminal_notifier': Not used on non-Darwin systems
[17.543s] INFO:colcon.colcon_core.plugin_system:Skipping extension 'colcon_notification.desktop_notification.win32': Not used on non-Windows systems
[17.543s] INFO:colcon.colcon_notification.desktop_notification:Sending desktop notification using 'notify2'
[17.569s] DEBUG:colcon.colcon_core.event_reactor:joined thread
[17.570s] INFO:colcon.colcon_core.shell:Creating prefix script '/home/student/ros2_ws/src/robo1/lab2/install/local_setup.ps1'
[17.571s] INFO:colcon.colcon_core.shell:Creating prefix util module '/home/student/ros2_ws/src/robo1/lab2/install/_local_setup_util_ps1.py'
[17.576s] INFO:colcon.colcon_core.shell:Creating prefix chain script '/home/student/ros2_ws/src/robo1/lab2/install/setup.ps1'
[17.578s] INFO:colcon.colcon_core.shell:Creating prefix script '/home/student/ros2_ws/src/robo1/lab2/install/local_setup.sh'
[17.581s] INFO:colcon.colcon_core.shell:Creating prefix util module '/home/student/ros2_ws/src/robo1/lab2/install/_local_setup_util_sh.py'
[17.582s] INFO:colcon.colcon_core.shell:Creating prefix chain script '/home/student/ros2_ws/src/robo1/lab2/install/setup.sh'
[17.598s] INFO:colcon.colcon_core.shell:Creating prefix script '/home/student/ros2_ws/src/robo1/lab2/install/local_setup.bash'
[17.599s] INFO:colcon.colcon_core.shell:Creating prefix chain script '/home/student/ros2_ws/src/robo1/lab2/install/setup.bash'
[17.602s] INFO:colcon.colcon_core.shell:Creating prefix script '/home/student/ros2_ws/src/robo1/lab2/install/local_setup.zsh'
[17.605s] INFO:colcon.colcon_core.shell:Creating prefix chain script '/home/student/ros2_ws/src/robo1/lab2/install/setup.zsh'
