[0.016s] Invoking command in '/home/student/ros2_ws/src/robo1/lab5/build/lab5': CMAKE_PREFIX_PATH=${CMAKE_PREFIX_PATH}:/home/student/ros2_ws/install/turtlebot3_teleop:/home/student/ros2_ws/install/turtlebot3_example:/opt/ros/humble /usr/bin/cmake --build /home/student/ros2_ws/src/robo1/lab5/build/lab5 -- -j8 -l8
[0.070s] [35m[1mConsolidate compiler generated dependencies of target local_map[0m
[0.099s] [100%] Built target local_map
[0.112s] Invoked command in '/home/student/ros2_ws/src/robo1/lab5/build/lab5' returned '0': CMAKE_PREFIX_PATH=${CMAKE_PREFIX_PATH}:/home/student/ros2_ws/install/turtlebot3_teleop:/home/student/ros2_ws/install/turtlebot3_example:/opt/ros/humble /usr/bin/cmake --build /home/student/ros2_ws/src/robo1/lab5/build/lab5 -- -j8 -l8
[0.168s] Invoking command in '/home/student/ros2_ws/src/robo1/lab5/build/lab5': CMAKE_PREFIX_PATH=${CMAKE_PREFIX_PATH}:/home/student/ros2_ws/install/turtlebot3_teleop:/home/student/ros2_ws/install/turtlebot3_example:/opt/ros/humble /usr/bin/cmake --install /home/student/ros2_ws/src/robo1/lab5/build/lab5
[0.177s] -- Install configuration: ""
[0.177s] -- Up-to-date: /home/student/ros2_ws/src/robo1/lab5/install/lab5/lib/lab5/local_map
[0.177s] -- Up-to-date: /home/student/ros2_ws/src/robo1/lab5/install/lab5/share/ament_index/resource_index/package_run_dependencies/lab5
[0.178s] -- Up-to-date: /home/student/ros2_ws/src/robo1/lab5/install/lab5/share/ament_index/resource_index/parent_prefix_path/lab5
[0.178s] -- Up-to-date: /home/student/ros2_ws/src/robo1/lab5/install/lab5/share/lab5/environment/ament_prefix_path.sh
[0.178s] -- Up-to-date: /home/student/ros2_ws/src/robo1/lab5/install/lab5/share/lab5/environment/ament_prefix_path.dsv
[0.178s] -- Up-to-date: /home/student/ros2_ws/src/robo1/lab5/install/lab5/share/lab5/environment/path.sh
[0.178s] -- Up-to-date: /home/student/ros2_ws/src/robo1/lab5/install/lab5/share/lab5/environment/path.dsv
[0.178s] -- Up-to-date: /home/student/ros2_ws/src/robo1/lab5/install/lab5/share/lab5/local_setup.bash
[0.178s] -- Up-to-date: /home/student/ros2_ws/src/robo1/lab5/install/lab5/share/lab5/local_setup.sh
[0.178s] -- Up-to-date: /home/student/ros2_ws/src/robo1/lab5/install/lab5/share/lab5/local_setup.zsh
[0.178s] -- Up-to-date: /home/student/ros2_ws/src/robo1/lab5/install/lab5/share/lab5/local_setup.dsv
[0.178s] -- Installing: /home/student/ros2_ws/src/robo1/lab5/install/lab5/share/lab5/package.dsv
[0.179s] -- Up-to-date: /home/student/ros2_ws/src/robo1/lab5/install/lab5/share/ament_index/resource_index/packages/lab5
[0.179s] -- Up-to-date: /home/student/ros2_ws/src/robo1/lab5/install/lab5/share/lab5/cmake/lab5Config.cmake
[0.179s] -- Up-to-date: /home/student/ros2_ws/src/robo1/lab5/install/lab5/share/lab5/cmake/lab5Config-version.cmake
[0.179s] -- Up-to-date: /home/student/ros2_ws/src/robo1/lab5/install/lab5/share/lab5/package.xml
[0.180s] Invoked command in '/home/student/ros2_ws/src/robo1/lab5/build/lab5' returned '0': CMAKE_PREFIX_PATH=${CMAKE_PREFIX_PATH}:/home/student/ros2_ws/install/turtlebot3_teleop:/home/student/ros2_ws/install/turtlebot3_example:/opt/ros/humble /usr/bin/cmake --install /home/student/ros2_ws/src/robo1/lab5/build/lab5
