-- The C compiler identification is GNU 11.4.0
-- The CXX compiler identification is GNU 11.4.0
-- Detecting C compiler ABI info
-- Detecting C compiler ABI info - done
-- Check for working C compiler: /usr/bin/cc - skipped
-- Detecting C compile features
-- Detecting C compile features - done
-- Detecting CXX compiler ABI info
-- Detecting CXX compiler ABI info - done
-- Check for working CXX compiler: /usr/bin/c++ - skipped
-- Detecting CXX compile features
-- Detecting CXX compile features - done
-- Found ament_cmake: 1.3.9 (/opt/ros/humble/share/ament_cmake/cmake)
-- Found Python3: /usr/bin/python3 (found version "3.10.12") found components: Interpreter 
-- Override CMake install command with custom implementation using symlinks instead of copying resources
-- Found rclcpp: 16.0.9 (/opt/ros/humble/share/rclcpp/cmake)
-- Found rosidl_generator_c: 3.1.5 (/opt/ros/humble/share/rosidl_generator_c/cmake)
-- Found rosidl_adapter: 3.1.5 (/opt/ros/humble/share/rosidl_adapter/cmake)
-- Found rosidl_generator_cpp: 3.1.5 (/opt/ros/humble/share/rosidl_generator_cpp/cmake)
-- Using all available rosidl_typesupport_c: rosidl_typesupport_fastrtps_c;rosidl_typesupport_introspection_c
-- Using all available rosidl_typesupport_cpp: rosidl_typesupport_fastrtps_cpp;rosidl_typesupport_introspection_cpp
-- Found rmw_implementation_cmake: 6.1.2 (/opt/ros/humble/share/rmw_implementation_cmake/cmake)
-- Found rmw_fastrtps_cpp: 6.2.6 (/opt/ros/humble/share/rmw_fastrtps_cpp/cmake)
-- Found OpenSSL: /usr/lib/x86_64-linux-gnu/libcrypto.so (found version "3.0.2")  
-- Found FastRTPS: /opt/ros/humble/include  
-- Using RMW implementation 'rmw_fastrtps_cpp' as default
-- Looking for pthread.h
-- Looking for pthread.h - found
-- Performing Test CMAKE_HAVE_LIBC_PTHREAD
-- Performing Test CMAKE_HAVE_LIBC_PTHREAD - Success
-- Found Threads: TRUE  
-- Found sensor_msgs: 4.2.4 (/opt/ros/humble/share/sensor_msgs/cmake)
-- Found cv_bridge: 3.2.1 (/opt/ros/humble/share/cv_bridge/cmake)
-- Found OpenCV: /usr (found version "4.5.4") 
-- Configuring done
-- Generating done
-- Build files have been written to: /home/student/ros2_ws/src/robo1/lab2/build/lab2
[ 50%] [32mBuilding CXX object CMakeFiles/lidar_analysis.dir/src/lab2.cpp.o[0m
[100%] [32m[1mLinking CXX executable lidar_analysis[0m
[100%] Built target lidar_analysis
-- Install configuration: ""
-- Execute custom install script
-- Symlinking: /home/student/ros2_ws/src/robo1/lab2/install/lab2/lib/lab2/lidar_analysis
-- Symlinking: /home/student/ros2_ws/src/robo1/lab2/install/lab2/share/ament_index/resource_index/package_run_dependencies/lab2
-- Symlinking: /home/student/ros2_ws/src/robo1/lab2/install/lab2/share/ament_index/resource_index/parent_prefix_path/lab2
-- Symlinking: /home/student/ros2_ws/src/robo1/lab2/install/lab2/share/lab2/environment/ament_prefix_path.sh
-- Symlinking: /home/student/ros2_ws/src/robo1/lab2/install/lab2/share/lab2/environment/ament_prefix_path.dsv
-- Symlinking: /home/student/ros2_ws/src/robo1/lab2/install/lab2/share/lab2/environment/path.sh
-- Symlinking: /home/student/ros2_ws/src/robo1/lab2/install/lab2/share/lab2/environment/path.dsv
-- Symlinking: /home/student/ros2_ws/src/robo1/lab2/install/lab2/share/lab2/local_setup.bash
-- Symlinking: /home/student/ros2_ws/src/robo1/lab2/install/lab2/share/lab2/local_setup.sh
-- Symlinking: /home/student/ros2_ws/src/robo1/lab2/install/lab2/share/lab2/local_setup.zsh
-- Symlinking: /home/student/ros2_ws/src/robo1/lab2/install/lab2/share/lab2/local_setup.dsv
-- Symlinking: /home/student/ros2_ws/src/robo1/lab2/install/lab2/share/lab2/package.dsv
-- Symlinking: /home/student/ros2_ws/src/robo1/lab2/install/lab2/share/ament_index/resource_index/packages/lab2
-- Symlinking: /home/student/ros2_ws/src/robo1/lab2/install/lab2/share/lab2/cmake/lab2Config.cmake
-- Symlinking: /home/student/ros2_ws/src/robo1/lab2/install/lab2/share/lab2/cmake/lab2Config-version.cmake
-- Symlinking: /home/student/ros2_ws/src/robo1/lab2/install/lab2/share/lab2/package.xml
