[0.020s] Invoking command in '/home/student/ros2_ws/src/robo1/lab2/build/lab2': CMAKE_PREFIX_PATH=${CMAKE_PREFIX_PATH}:/home/student/ros2_ws/install/turtlesim:/home/student/ros2_ws/install/turtlebot3_teleop:/home/student/ros2_ws/install/turtlebot3_example:/opt/ros/humble /usr/bin/cmake /home/student/ros2_ws/src/robo1/lab2 -DAMENT_CMAKE_SYMLINK_INSTALL=1 -DCMAKE_INSTALL_PREFIX=/home/student/ros2_ws/src/robo1/lab2/install/lab2
[0.225s] -- The C compiler identification is GNU 11.4.0
[0.591s] -- The CXX compiler identification is GNU 11.4.0
[0.601s] -- Detecting C compiler ABI info
[0.717s] -- Detecting C compiler ABI info - done
[0.724s] -- Check for working C compiler: /usr/bin/cc - skipped
[0.725s] -- Detecting C compile features
[0.729s] -- Detecting C compile features - done
[0.735s] -- Detecting CXX compiler ABI info
[0.863s] -- Detecting CXX compiler ABI info - done
[0.876s] -- Check for working CXX compiler: /usr/bin/c++ - skipped
[0.876s] -- Detecting CXX compile features
[0.877s] -- Detecting CXX compile features - done
[0.897s] -- Found ament_cmake: 1.3.9 (/opt/ros/humble/share/ament_cmake/cmake)
[1.109s] -- Found Python3: /usr/bin/python3 (found version "3.10.12") found components: Interpreter 
[1.179s] -- Override CMake install command with custom implementation using symlinks instead of copying resources
[1.253s] -- Found rclcpp: 16.0.9 (/opt/ros/humble/share/rclcpp/cmake)
[1.321s] -- Found rosidl_generator_c: 3.1.5 (/opt/ros/humble/share/rosidl_generator_c/cmake)
[1.330s] -- Found rosidl_adapter: 3.1.5 (/opt/ros/humble/share/rosidl_adapter/cmake)
[1.344s] -- Found rosidl_generator_cpp: 3.1.5 (/opt/ros/humble/share/rosidl_generator_cpp/cmake)
[1.363s] -- Using all available rosidl_typesupport_c: rosidl_typesupport_fastrtps_c;rosidl_typesupport_introspection_c
[1.391s] -- Using all available rosidl_typesupport_cpp: rosidl_typesupport_fastrtps_cpp;rosidl_typesupport_introspection_cpp
[1.489s] -- Found rmw_implementation_cmake: 6.1.2 (/opt/ros/humble/share/rmw_implementation_cmake/cmake)
[1.494s] -- Found rmw_fastrtps_cpp: 6.2.6 (/opt/ros/humble/share/rmw_fastrtps_cpp/cmake)
[1.629s] -- Found OpenSSL: /usr/lib/x86_64-linux-gnu/libcrypto.so (found version "3.0.2")  
[1.664s] -- Found FastRTPS: /opt/ros/humble/include  
[1.721s] -- Using RMW implementation 'rmw_fastrtps_cpp' as default
[1.738s] -- Looking for pthread.h
[1.829s] -- Looking for pthread.h - found
[1.830s] -- Performing Test CMAKE_HAVE_LIBC_PTHREAD
[1.930s] -- Performing Test CMAKE_HAVE_LIBC_PTHREAD - Success
[1.931s] -- Found Threads: TRUE  
[2.122s] -- Found sensor_msgs: 4.2.4 (/opt/ros/humble/share/sensor_msgs/cmake)
[2.275s] -- Found cv_bridge: 3.2.1 (/opt/ros/humble/share/cv_bridge/cmake)
[2.301s] -- Found OpenCV: /usr (found version "4.5.4") 
[2.389s] -- Configuring done
[2.403s] -- Generating done
[2.405s] -- Build files have been written to: /home/student/ros2_ws/src/robo1/lab2/build/lab2
[2.418s] Invoked command in '/home/student/ros2_ws/src/robo1/lab2/build/lab2' returned '0': CMAKE_PREFIX_PATH=${CMAKE_PREFIX_PATH}:/home/student/ros2_ws/install/turtlesim:/home/student/ros2_ws/install/turtlebot3_teleop:/home/student/ros2_ws/install/turtlebot3_example:/opt/ros/humble /usr/bin/cmake /home/student/ros2_ws/src/robo1/lab2 -DAMENT_CMAKE_SYMLINK_INSTALL=1 -DCMAKE_INSTALL_PREFIX=/home/student/ros2_ws/src/robo1/lab2/install/lab2
[2.422s] Invoking command in '/home/student/ros2_ws/src/robo1/lab2/build/lab2': CMAKE_PREFIX_PATH=${CMAKE_PREFIX_PATH}:/home/student/ros2_ws/install/turtlesim:/home/student/ros2_ws/install/turtlebot3_teleop:/home/student/ros2_ws/install/turtlebot3_example:/opt/ros/humble /usr/bin/cmake --build /home/student/ros2_ws/src/robo1/lab2/build/lab2 -- -j8 -l8
[2.491s] [ 50%] [32mBuilding CXX object CMakeFiles/lidar_analysis.dir/src/lab2.cpp.o[0m
[5.320s] [01m[K/home/student/ros2_ws/src/robo1/lab2/src/lab2.cpp:[m[K In member function ‘[01m[Kvoid Lidar::scanCallback(std::shared_ptr<sensor_msgs::msg::LaserScan_<std::allocator<void> > >)[m[K’:
[5.320s] [01m[K/home/student/ros2_ws/src/robo1/lab2/src/lab2.cpp:37:45:[m[K [01;35m[Kwarning: [m[Kcomparison of integer expressions of different signedness: ‘[01m[Kint[m[K’ and ‘[01m[Kstd::vector<float>::size_type[m[K’ {aka ‘[01m[Klong unsigned int[m[K’} [[01;35m[K]8;;https://gcc.gnu.org/onlinedocs/gcc/Warning-Options.html#index-Wsign-compare-Wsign-compare]8;;[m[K]
[5.320s]    37 |         if (angle_index >= 0 && [01;35m[Kangle_index < scan->ranges.size()[m[K)
[5.320s]       |                                 [01;35m[K~~~~~~~~~~~~^~~~~~~~~~~~~~~~~~~~~[m[K
[5.322s] [01m[K/home/student/ros2_ws/src/robo1/lab2/src/lab2.cpp:66:19:[m[K [01;35m[Kwarning: [m[Kcomparison of integer expressions of different signedness: ‘[01m[Kint[m[K’ and ‘[01m[Kstd::vector<float>::size_type[m[K’ {aka ‘[01m[Klong unsigned int[m[K’} [[01;35m[K]8;;https://gcc.gnu.org/onlinedocs/gcc/Warning-Options.html#index-Wsign-compare-Wsign-compare]8;;[m[K]
[5.322s]    66 |             if ([01;35m[Ki >= scan->ranges.size()[m[K)
[5.322s]       |                 [01;35m[K~~^~~~~~~~~~~~~~~~~~~~~~[m[K
[12.519s] [100%] [32m[1mLinking CXX executable lidar_analysis[0m
[13.906s] [100%] Built target lidar_analysis
[13.922s] Invoked command in '/home/student/ros2_ws/src/robo1/lab2/build/lab2' returned '0': CMAKE_PREFIX_PATH=${CMAKE_PREFIX_PATH}:/home/student/ros2_ws/install/turtlesim:/home/student/ros2_ws/install/turtlebot3_teleop:/home/student/ros2_ws/install/turtlebot3_example:/opt/ros/humble /usr/bin/cmake --build /home/student/ros2_ws/src/robo1/lab2/build/lab2 -- -j8 -l8
[13.968s] Invoking command in '/home/student/ros2_ws/src/robo1/lab2/build/lab2': CMAKE_PREFIX_PATH=${CMAKE_PREFIX_PATH}:/home/student/ros2_ws/install/turtlesim:/home/student/ros2_ws/install/turtlebot3_teleop:/home/student/ros2_ws/install/turtlebot3_example:/opt/ros/humble /usr/bin/cmake --install /home/student/ros2_ws/src/robo1/lab2/build/lab2
[13.977s] -- Install configuration: ""
[13.978s] -- Execute custom install script
[13.978s] -- Symlinking: /home/student/ros2_ws/src/robo1/lab2/install/lab2/lib/lab2/lidar_analysis
[13.992s] -- Symlinking: /home/student/ros2_ws/src/robo1/lab2/install/lab2/share/ament_index/resource_index/package_run_dependencies/lab2
[14.003s] -- Symlinking: /home/student/ros2_ws/src/robo1/lab2/install/lab2/share/ament_index/resource_index/parent_prefix_path/lab2
[14.015s] -- Symlinking: /home/student/ros2_ws/src/robo1/lab2/install/lab2/share/lab2/environment/ament_prefix_path.sh
[14.026s] -- Symlinking: /home/student/ros2_ws/src/robo1/lab2/install/lab2/share/lab2/environment/ament_prefix_path.dsv
[14.038s] -- Symlinking: /home/student/ros2_ws/src/robo1/lab2/install/lab2/share/lab2/environment/path.sh
[14.050s] -- Symlinking: /home/student/ros2_ws/src/robo1/lab2/install/lab2/share/lab2/environment/path.dsv
[14.064s] -- Symlinking: /home/student/ros2_ws/src/robo1/lab2/install/lab2/share/lab2/local_setup.bash
[14.075s] -- Symlinking: /home/student/ros2_ws/src/robo1/lab2/install/lab2/share/lab2/local_setup.sh
[14.091s] -- Symlinking: /home/student/ros2_ws/src/robo1/lab2/install/lab2/share/lab2/local_setup.zsh
[14.103s] -- Symlinking: /home/student/ros2_ws/src/robo1/lab2/install/lab2/share/lab2/local_setup.dsv
[14.114s] -- Symlinking: /home/student/ros2_ws/src/robo1/lab2/install/lab2/share/lab2/package.dsv
[14.125s] -- Symlinking: /home/student/ros2_ws/src/robo1/lab2/install/lab2/share/ament_index/resource_index/packages/lab2
[14.137s] -- Symlinking: /home/student/ros2_ws/src/robo1/lab2/install/lab2/share/lab2/cmake/lab2Config.cmake
[14.149s] -- Symlinking: /home/student/ros2_ws/src/robo1/lab2/install/lab2/share/lab2/cmake/lab2Config-version.cmake
[14.160s] -- Symlinking: /home/student/ros2_ws/src/robo1/lab2/install/lab2/share/lab2/package.xml
[14.173s] Invoked command in '/home/student/ros2_ws/src/robo1/lab2/build/lab2' returned '0': CMAKE_PREFIX_PATH=${CMAKE_PREFIX_PATH}:/home/student/ros2_ws/install/turtlesim:/home/student/ros2_ws/install/turtlebot3_teleop:/home/student/ros2_ws/install/turtlebot3_example:/opt/ros/humble /usr/bin/cmake --install /home/student/ros2_ws/src/robo1/lab2/build/lab2
