[0.015s] Invoking command in '/home/student/ros2_ws/src/robo1/lab3/build/lab3': CMAKE_PREFIX_PATH=${CMAKE_PREFIX_PATH}:/home/student/ros2_ws/install/turtlebot3_teleop:/home/student/ros2_ws/install/turtlebot3_example:/opt/ros/humble /usr/bin/cmake /home/student/ros2_ws/src/robo1/lab3 -DCMAKE_INSTALL_PREFIX=/home/student/ros2_ws/src/robo1/lab3/install/lab3
[0.031s] -- Found ament_cmake: 1.3.9 (/opt/ros/humble/share/ament_cmake/cmake)
[0.169s] -- Override CMake install command with custom implementation using symlinks instead of copying resources
[0.181s] -- Found rclcpp: 16.0.9 (/opt/ros/humble/share/rclcpp/cmake)
[0.217s] -- Found rosidl_generator_c: 3.1.5 (/opt/ros/humble/share/rosidl_generator_c/cmake)
[0.219s] -- Found rosidl_adapter: 3.1.5 (/opt/ros/humble/share/rosidl_adapter/cmake)
[0.225s] -- Found rosidl_generator_cpp: 3.1.5 (/opt/ros/humble/share/rosidl_generator_cpp/cmake)
[0.238s] -- Using all available rosidl_typesupport_c: rosidl_typesupport_fastrtps_c;rosidl_typesupport_introspection_c
[0.255s] -- Using all available rosidl_typesupport_cpp: rosidl_typesupport_fastrtps_cpp;rosidl_typesupport_introspection_cpp
[0.320s] -- Found rmw_implementation_cmake: 6.1.2 (/opt/ros/humble/share/rmw_implementation_cmake/cmake)
[0.322s] -- Found rmw_fastrtps_cpp: 6.2.6 (/opt/ros/humble/share/rmw_fastrtps_cpp/cmake)
[0.467s] -- Using RMW implementation 'rmw_fastrtps_cpp' as default
[0.638s] -- Found sensor_msgs: 4.2.4 (/opt/ros/humble/share/sensor_msgs/cmake)
[0.773s] -- Found cv_bridge: 3.2.1 (/opt/ros/humble/share/cv_bridge/cmake)
[0.889s] -- Configuring done
[0.912s] -- Generating done
[0.915s] -- Build files have been written to: /home/student/ros2_ws/src/robo1/lab3/build/lab3
[0.933s] Invoked command in '/home/student/ros2_ws/src/robo1/lab3/build/lab3' returned '0': CMAKE_PREFIX_PATH=${CMAKE_PREFIX_PATH}:/home/student/ros2_ws/install/turtlebot3_teleop:/home/student/ros2_ws/install/turtlebot3_example:/opt/ros/humble /usr/bin/cmake /home/student/ros2_ws/src/robo1/lab3 -DCMAKE_INSTALL_PREFIX=/home/student/ros2_ws/src/robo1/lab3/install/lab3
[0.935s] Invoking command in '/home/student/ros2_ws/src/robo1/lab3/build/lab3': CMAKE_PREFIX_PATH=${CMAKE_PREFIX_PATH}:/home/student/ros2_ws/install/turtlebot3_teleop:/home/student/ros2_ws/install/turtlebot3_example:/opt/ros/humble /usr/bin/cmake --build /home/student/ros2_ws/src/robo1/lab3/build/lab3 -- -j8 -l8
[0.994s] [35m[1mConsolidate compiler generated dependencies of target lidar_processor[0m
[1.021s] [100%] Built target lidar_processor
[1.036s] Invoked command in '/home/student/ros2_ws/src/robo1/lab3/build/lab3' returned '0': CMAKE_PREFIX_PATH=${CMAKE_PREFIX_PATH}:/home/student/ros2_ws/install/turtlebot3_teleop:/home/student/ros2_ws/install/turtlebot3_example:/opt/ros/humble /usr/bin/cmake --build /home/student/ros2_ws/src/robo1/lab3/build/lab3 -- -j8 -l8
[1.085s] Invoking command in '/home/student/ros2_ws/src/robo1/lab3/build/lab3': CMAKE_PREFIX_PATH=${CMAKE_PREFIX_PATH}:/home/student/ros2_ws/install/turtlebot3_teleop:/home/student/ros2_ws/install/turtlebot3_example:/opt/ros/humble /usr/bin/cmake --install /home/student/ros2_ws/src/robo1/lab3/build/lab3
[1.095s] -- Install configuration: ""
[1.096s] -- Execute custom install script
[1.096s] -- Up-to-date symlink: /home/student/ros2_ws/src/robo1/lab3/install/lab3/lib/lab3/lidar_processor
[1.097s] -- Up-to-date symlink: /home/student/ros2_ws/src/robo1/lab3/install/lab3/share/ament_index/resource_index/package_run_dependencies/lab3
[1.097s] -- Up-to-date symlink: /home/student/ros2_ws/src/robo1/lab3/install/lab3/share/ament_index/resource_index/parent_prefix_path/lab3
[1.097s] -- Up-to-date symlink: /home/student/ros2_ws/src/robo1/lab3/install/lab3/share/lab3/environment/ament_prefix_path.sh
[1.097s] -- Up-to-date symlink: /home/student/ros2_ws/src/robo1/lab3/install/lab3/share/lab3/environment/ament_prefix_path.dsv
[1.098s] -- Up-to-date symlink: /home/student/ros2_ws/src/robo1/lab3/install/lab3/share/lab3/environment/path.sh
[1.098s] -- Up-to-date symlink: /home/student/ros2_ws/src/robo1/lab3/install/lab3/share/lab3/environment/path.dsv
[1.098s] -- Up-to-date symlink: /home/student/ros2_ws/src/robo1/lab3/install/lab3/share/lab3/local_setup.bash
[1.098s] -- Up-to-date symlink: /home/student/ros2_ws/src/robo1/lab3/install/lab3/share/lab3/local_setup.sh
[1.099s] -- Up-to-date symlink: /home/student/ros2_ws/src/robo1/lab3/install/lab3/share/lab3/local_setup.zsh
[1.099s] -- Up-to-date symlink: /home/student/ros2_ws/src/robo1/lab3/install/lab3/share/lab3/local_setup.dsv
[1.099s] -- Symlinking: /home/student/ros2_ws/src/robo1/lab3/install/lab3/share/lab3/package.dsv
[1.111s] -- Up-to-date symlink: /home/student/ros2_ws/src/robo1/lab3/install/lab3/share/ament_index/resource_index/packages/lab3
[1.111s] -- Up-to-date symlink: /home/student/ros2_ws/src/robo1/lab3/install/lab3/share/lab3/cmake/lab3Config.cmake
[1.111s] -- Up-to-date symlink: /home/student/ros2_ws/src/robo1/lab3/install/lab3/share/lab3/cmake/lab3Config-version.cmake
[1.111s] -- Up-to-date symlink: /home/student/ros2_ws/src/robo1/lab3/install/lab3/share/lab3/package.xml
[1.114s] Invoked command in '/home/student/ros2_ws/src/robo1/lab3/build/lab3' returned '0': CMAKE_PREFIX_PATH=${CMAKE_PREFIX_PATH}:/home/student/ros2_ws/install/turtlebot3_teleop:/home/student/ros2_ws/install/turtlebot3_example:/opt/ros/humble /usr/bin/cmake --install /home/student/ros2_ws/src/robo1/lab3/build/lab3
