[ 50%] [32mBuilding CXX object CMakeFiles/lidar_processor.dir/src/lab3.cpp.o[0m
[100%] [32m[1mLinking CXX executable lidar_processor[0m
[100%] Built target lidar_processor
-- Install configuration: ""
-- Execute custom install script
-- Up-to-date symlink: /home/student/ros2_ws/src/robo1/lab3/install/lab3/lib/lab3/lidar_processor
-- Up-to-date symlink: /home/student/ros2_ws/src/robo1/lab3/install/lab3/share/ament_index/resource_index/package_run_dependencies/lab3
-- Up-to-date symlink: /home/student/ros2_ws/src/robo1/lab3/install/lab3/share/ament_index/resource_index/parent_prefix_path/lab3
-- Up-to-date symlink: /home/student/ros2_ws/src/robo1/lab3/install/lab3/share/lab3/environment/ament_prefix_path.sh
-- Up-to-date symlink: /home/student/ros2_ws/src/robo1/lab3/install/lab3/share/lab3/environment/ament_prefix_path.dsv
-- Up-to-date symlink: /home/student/ros2_ws/src/robo1/lab3/install/lab3/share/lab3/environment/path.sh
-- Up-to-date symlink: /home/student/ros2_ws/src/robo1/lab3/install/lab3/share/lab3/environment/path.dsv
-- Up-to-date symlink: /home/student/ros2_ws/src/robo1/lab3/install/lab3/share/lab3/local_setup.bash
-- Up-to-date symlink: /home/student/ros2_ws/src/robo1/lab3/install/lab3/share/lab3/local_setup.sh
-- Up-to-date symlink: /home/student/ros2_ws/src/robo1/lab3/install/lab3/share/lab3/local_setup.zsh
-- Up-to-date symlink: /home/student/ros2_ws/src/robo1/lab3/install/lab3/share/lab3/local_setup.dsv
-- Symlinking: /home/student/ros2_ws/src/robo1/lab3/install/lab3/share/lab3/package.dsv
-- Up-to-date symlink: /home/student/ros2_ws/src/robo1/lab3/install/lab3/share/ament_index/resource_index/packages/lab3
-- Up-to-date symlink: /home/student/ros2_ws/src/robo1/lab3/install/lab3/share/lab3/cmake/lab3Config.cmake
-- Up-to-date symlink: /home/student/ros2_ws/src/robo1/lab3/install/lab3/share/lab3/cmake/lab3Config-version.cmake
-- Up-to-date symlink: /home/student/ros2_ws/src/robo1/lab3/install/lab3/share/lab3/package.xml
