[0.019s] Invoking command in '/home/student/ros2_ws/src/robo1/lab6/build/lab6': CMAKE_PREFIX_PATH=${CMAKE_PREFIX_PATH}:/home/student/ros2_ws/install/turtlebot3_teleop:/home/student/ros2_ws/install/turtlebot3_example:/home/student/ros2_ws/src/install/turtlebot3_teleop:/home/student/ros2_ws/src/install/turtlebot3_example:/opt/ros/humble /usr/bin/cmake --build /home/student/ros2_ws/src/robo1/lab6/build/lab6 -- -j8 -l8
[0.098s] [100%] Built target scan_to_image_node
[0.112s] Invoked command in '/home/student/ros2_ws/src/robo1/lab6/build/lab6' returned '0': CMAKE_PREFIX_PATH=${CMAKE_PREFIX_PATH}:/home/student/ros2_ws/install/turtlebot3_teleop:/home/student/ros2_ws/install/turtlebot3_example:/home/student/ros2_ws/src/install/turtlebot3_teleop:/home/student/ros2_ws/src/install/turtlebot3_example:/opt/ros/humble /usr/bin/cmake --build /home/student/ros2_ws/src/robo1/lab6/build/lab6 -- -j8 -l8
[0.167s] Invoking command in '/home/student/ros2_ws/src/robo1/lab6/build/lab6': CMAKE_PREFIX_PATH=${CMAKE_PREFIX_PATH}:/home/student/ros2_ws/install/turtlebot3_teleop:/home/student/ros2_ws/install/turtlebot3_example:/home/student/ros2_ws/src/install/turtlebot3_teleop:/home/student/ros2_ws/src/install/turtlebot3_example:/opt/ros/humble /usr/bin/cmake --install /home/student/ros2_ws/src/robo1/lab6/build/lab6
[0.177s] -- Install configuration: ""
[0.177s] -- Up-to-date: /home/student/ros2_ws/src/robo1/lab6/install/lab6/lib/lab6/scan_to_image_node
[0.177s] -- Up-to-date: /home/student/ros2_ws/src/robo1/lab6/install/lab6/share/ament_index/resource_index/package_run_dependencies/lab6
[0.178s] -- Up-to-date: /home/student/ros2_ws/src/robo1/lab6/install/lab6/share/ament_index/resource_index/parent_prefix_path/lab6
[0.178s] -- Up-to-date: /home/student/ros2_ws/src/robo1/lab6/install/lab6/share/lab6/environment/ament_prefix_path.sh
[0.178s] -- Up-to-date: /home/student/ros2_ws/src/robo1/lab6/install/lab6/share/lab6/environment/ament_prefix_path.dsv
[0.179s] -- Up-to-date: /home/student/ros2_ws/src/robo1/lab6/install/lab6/share/lab6/environment/path.sh
[0.179s] -- Up-to-date: /home/student/ros2_ws/src/robo1/lab6/install/lab6/share/lab6/environment/path.dsv
[0.179s] -- Up-to-date: /home/student/ros2_ws/src/robo1/lab6/install/lab6/share/lab6/local_setup.bash
[0.179s] -- Up-to-date: /home/student/ros2_ws/src/robo1/lab6/install/lab6/share/lab6/local_setup.sh
[0.179s] -- Up-to-date: /home/student/ros2_ws/src/robo1/lab6/install/lab6/share/lab6/local_setup.zsh
[0.179s] -- Up-to-date: /home/student/ros2_ws/src/robo1/lab6/install/lab6/share/lab6/local_setup.dsv
[0.179s] -- Installing: /home/student/ros2_ws/src/robo1/lab6/install/lab6/share/lab6/package.dsv
[0.180s] -- Up-to-date: /home/student/ros2_ws/src/robo1/lab6/install/lab6/share/ament_index/resource_index/packages/lab6
[0.180s] -- Up-to-date: /home/student/ros2_ws/src/robo1/lab6/install/lab6/share/lab6/cmake/lab6Config.cmake
[0.181s] -- Up-to-date: /home/student/ros2_ws/src/robo1/lab6/install/lab6/share/lab6/cmake/lab6Config-version.cmake
[0.181s] -- Up-to-date: /home/student/ros2_ws/src/robo1/lab6/install/lab6/share/lab6/package.xml
[0.182s] Invoked command in '/home/student/ros2_ws/src/robo1/lab6/build/lab6' returned '0': CMAKE_PREFIX_PATH=${CMAKE_PREFIX_PATH}:/home/student/ros2_ws/install/turtlebot3_teleop:/home/student/ros2_ws/install/turtlebot3_example:/home/student/ros2_ws/src/install/turtlebot3_teleop:/home/student/ros2_ws/src/install/turtlebot3_example:/opt/ros/humble /usr/bin/cmake --install /home/student/ros2_ws/src/robo1/lab6/build/lab6
