-- The C compiler identification is GNU 11.4.0
-- The CXX compiler identification is GNU 11.4.0
-- Detecting C compiler ABI info
-- Detecting C compiler ABI info - done
-- Check for working C compiler: /usr/bin/cc - skipped
-- Detecting C compile features
-- Detecting C compile features - done
-- Detecting CXX compiler ABI info
-- Detecting CXX compiler ABI info - done
-- Check for working CXX compiler: /usr/bin/c++ - skipped
-- Detecting CXX compile features
-- Detecting CXX compile features - done
-- Found ament_cmake: 1.3.10 (/opt/ros/humble/share/ament_cmake/cmake)
-- Found Python3: /usr/bin/python3 (found version "3.10.12") found components: Interpreter 
-- Found rclcpp: 16.0.10 (/opt/ros/humble/share/rclcpp/cmake)
-- Found rosidl_generator_c: 3.1.5 (/opt/ros/humble/share/rosidl_generator_c/cmake)
-- Found rosidl_adapter: 3.1.5 (/opt/ros/humble/share/rosidl_adapter/cmake)
-- Found rosidl_generator_cpp: 3.1.5 (/opt/ros/humble/share/rosidl_generator_cpp/cmake)
-- Using all available rosidl_typesupport_c: rosidl_typesupport_fastrtps_c;rosidl_typesupport_introspection_c
-- Using all available rosidl_typesupport_cpp: rosidl_typesupport_fastrtps_cpp;rosidl_typesupport_introspection_cpp
-- Found rmw_implementation_cmake: 6.1.2 (/opt/ros/humble/share/rmw_implementation_cmake/cmake)
-- Found rmw_fastrtps_cpp: 6.2.7 (/opt/ros/humble/share/rmw_fastrtps_cpp/cmake)
-- Found OpenSSL: /usr/lib/x86_64-linux-gnu/libcrypto.so (found version "3.0.2")  
-- Found FastRTPS: /opt/ros/humble/include  
-- Using RMW implementation 'rmw_fastrtps_cpp' as default
-- Looking for pthread.h
-- Looking for pthread.h - found
-- Performing Test CMAKE_HAVE_LIBC_PTHREAD
-- Performing Test CMAKE_HAVE_LIBC_PTHREAD - Success
-- Found Threads: TRUE  
-- Found sensor_msgs: 4.2.4 (/opt/ros/humble/share/sensor_msgs/cmake)
-- Found cv_bridge: 3.2.1 (/opt/ros/humble/share/cv_bridge/cmake)
-- Found OpenCV: /usr (found version "4.5.4") 
-- Found nav_msgs: 4.2.4 (/opt/ros/humble/share/nav_msgs/cmake)
-- Found tf2: 0.25.7 (/opt/ros/humble/share/tf2/cmake)
-- Found tf2_geometry_msgs: 0.25.7 (/opt/ros/humble/share/tf2_geometry_msgs/cmake)
-- Found eigen3_cmake_module: 0.1.1 (/opt/ros/humble/share/eigen3_cmake_module/cmake)
-- Found Eigen3: TRUE (found version "3.4.0") 
-- Ensuring Eigen3 include directory is part of orocos-kdl CMake target
-- Configuring done
-- Generating done
-- Build files have been written to: /home/student/ros2_ws/src/robo1/lab6/build/lab6
[ 50%] [32mBuilding CXX object CMakeFiles/scan_to_image_node.dir/src/lab6.cpp.o[0m
[01m[K/home/student/ros2_ws/src/robo1/lab6/src/lab6.cpp:[m[K In member function ‘[01m[Kcv::Mat ScanToImageNode::extractMapSection(const Pose&)[m[K’:
[01m[K/home/student/ros2_ws/src/robo1/lab6/src/lab6.cpp:87:63:[m[K [01;35m[Kwarning: [m[Kunused parameter ‘[01m[Kpose[m[K’ [[01;35m[K]8;;https://gcc.gnu.org/onlinedocs/gcc/Warning-Options.html#index-Wunused-parameter-Wunused-parameter]8;;[m[K]
   87 |     cv::Mat extractMapSection([01;35m[Kconst geometry_msgs::msg::Pose &pose[m[K)
      |                               [01;35m[K~~~~~~~~~~~~~~~~~~~~~~~~~~~~~~~~^~~~[m[K
[100%] [32m[1mLinking CXX executable scan_to_image_node[0m
[100%] Built target scan_to_image_node
-- Install configuration: ""
-- Installing: /home/student/ros2_ws/src/robo1/lab6/install/lab6/lib/lab6/scan_to_image_node
-- Set runtime path of "/home/student/ros2_ws/src/robo1/lab6/install/lab6/lib/lab6/scan_to_image_node" to ""
-- Installing: /home/student/ros2_ws/src/robo1/lab6/install/lab6/share/ament_index/resource_index/package_run_dependencies/lab6
-- Installing: /home/student/ros2_ws/src/robo1/lab6/install/lab6/share/ament_index/resource_index/parent_prefix_path/lab6
-- Installing: /home/student/ros2_ws/src/robo1/lab6/install/lab6/share/lab6/environment/ament_prefix_path.sh
-- Installing: /home/student/ros2_ws/src/robo1/lab6/install/lab6/share/lab6/environment/ament_prefix_path.dsv
-- Installing: /home/student/ros2_ws/src/robo1/lab6/install/lab6/share/lab6/environment/path.sh
-- Installing: /home/student/ros2_ws/src/robo1/lab6/install/lab6/share/lab6/environment/path.dsv
-- Installing: /home/student/ros2_ws/src/robo1/lab6/install/lab6/share/lab6/local_setup.bash
-- Installing: /home/student/ros2_ws/src/robo1/lab6/install/lab6/share/lab6/local_setup.sh
-- Installing: /home/student/ros2_ws/src/robo1/lab6/install/lab6/share/lab6/local_setup.zsh
-- Installing: /home/student/ros2_ws/src/robo1/lab6/install/lab6/share/lab6/local_setup.dsv
-- Installing: /home/student/ros2_ws/src/robo1/lab6/install/lab6/share/lab6/package.dsv
-- Installing: /home/student/ros2_ws/src/robo1/lab6/install/lab6/share/ament_index/resource_index/packages/lab6
-- Installing: /home/student/ros2_ws/src/robo1/lab6/install/lab6/share/lab6/cmake/lab6Config.cmake
-- Installing: /home/student/ros2_ws/src/robo1/lab6/install/lab6/share/lab6/cmake/lab6Config-version.cmake
-- Installing: /home/student/ros2_ws/src/robo1/lab6/install/lab6/share/lab6/package.xml
