[0.018s] Invoking command in '/home/student/ros2_ws/src/robo1/lab6/build/lab6': CMAKE_PREFIX_PATH=${CMAKE_PREFIX_PATH}:/home/student/ros2_ws/install/turtlebot3_teleop:/home/student/ros2_ws/install/turtlebot3_example:/home/student/ros2_ws/src/install/turtlebot3_teleop:/home/student/ros2_ws/src/install/turtlebot3_example:/opt/ros/humble /usr/bin/cmake /home/student/ros2_ws/src/robo1/lab6 -DCMAKE_INSTALL_PREFIX=/home/student/ros2_ws/src/robo1/lab6/install/lab6
[0.089s] -- The C compiler identification is GNU 11.4.0
[0.156s] -- The CXX compiler identification is GNU 11.4.0
[0.164s] -- Detecting C compiler ABI info
[0.253s] -- Detecting C compiler ABI info - done
[0.261s] -- Check for working C compiler: /usr/bin/cc - skipped
[0.261s] -- Detecting C compile features
[0.262s] -- Detecting C compile features - done
[0.265s] -- Detecting CXX compiler ABI info
[0.366s] -- Detecting CXX compiler ABI info - done
[0.375s] -- Check for working CXX compiler: /usr/bin/c++ - skipped
[0.375s] -- Detecting CXX compile features
[0.376s] -- Detecting CXX compile features - done
[0.384s] -- Found ament_cmake: 1.3.10 (/opt/ros/humble/share/ament_cmake/cmake)
[0.580s] -- Found Python3: /usr/bin/python3 (found version "3.10.12") found components: Interpreter 
[0.753s] -- Found rclcpp: 16.0.10 (/opt/ros/humble/share/rclcpp/cmake)
[0.851s] -- Found rosidl_generator_c: 3.1.5 (/opt/ros/humble/share/rosidl_generator_c/cmake)
[0.866s] -- Found rosidl_adapter: 3.1.5 (/opt/ros/humble/share/rosidl_adapter/cmake)
[0.885s] -- Found rosidl_generator_cpp: 3.1.5 (/opt/ros/humble/share/rosidl_generator_cpp/cmake)
[0.908s] -- Using all available rosidl_typesupport_c: rosidl_typesupport_fastrtps_c;rosidl_typesupport_introspection_c
[0.942s] -- Using all available rosidl_typesupport_cpp: rosidl_typesupport_fastrtps_cpp;rosidl_typesupport_introspection_cpp
[1.037s] -- Found rmw_implementation_cmake: 6.1.2 (/opt/ros/humble/share/rmw_implementation_cmake/cmake)
[1.046s] -- Found rmw_fastrtps_cpp: 6.2.7 (/opt/ros/humble/share/rmw_fastrtps_cpp/cmake)
[1.183s] -- Found OpenSSL: /usr/lib/x86_64-linux-gnu/libcrypto.so (found version "3.0.2")  
[1.222s] -- Found FastRTPS: /opt/ros/humble/include  
[1.280s] -- Using RMW implementation 'rmw_fastrtps_cpp' as default
[1.303s] -- Looking for pthread.h
[1.398s] -- Looking for pthread.h - found
[1.399s] -- Performing Test CMAKE_HAVE_LIBC_PTHREAD
[1.493s] -- Performing Test CMAKE_HAVE_LIBC_PTHREAD - Success
[1.494s] -- Found Threads: TRUE  
[1.574s] -- Found sensor_msgs: 4.2.4 (/opt/ros/humble/share/sensor_msgs/cmake)
[1.617s] -- Found cv_bridge: 3.2.1 (/opt/ros/humble/share/cv_bridge/cmake)
[1.637s] -- Found OpenCV: /usr (found version "4.5.4") 
[1.643s] -- Found nav_msgs: 4.2.4 (/opt/ros/humble/share/nav_msgs/cmake)
[1.667s] -- Found tf2: 0.25.7 (/opt/ros/humble/share/tf2/cmake)
[1.687s] -- Found tf2_geometry_msgs: 0.25.7 (/opt/ros/humble/share/tf2_geometry_msgs/cmake)
[1.719s] -- Found eigen3_cmake_module: 0.1.1 (/opt/ros/humble/share/eigen3_cmake_module/cmake)
[1.720s] -- Found Eigen3: TRUE (found version "3.4.0") 
[1.720s] -- Ensuring Eigen3 include directory is part of orocos-kdl CMake target
[1.953s] -- Configuring done
[1.969s] -- Generating done
[1.972s] -- Build files have been written to: /home/student/ros2_ws/src/robo1/lab6/build/lab6
[1.986s] Invoked command in '/home/student/ros2_ws/src/robo1/lab6/build/lab6' returned '0': CMAKE_PREFIX_PATH=${CMAKE_PREFIX_PATH}:/home/student/ros2_ws/install/turtlebot3_teleop:/home/student/ros2_ws/install/turtlebot3_example:/home/student/ros2_ws/src/install/turtlebot3_teleop:/home/student/ros2_ws/src/install/turtlebot3_example:/opt/ros/humble /usr/bin/cmake /home/student/ros2_ws/src/robo1/lab6 -DCMAKE_INSTALL_PREFIX=/home/student/ros2_ws/src/robo1/lab6/install/lab6
[1.988s] Invoking command in '/home/student/ros2_ws/src/robo1/lab6/build/lab6': CMAKE_PREFIX_PATH=${CMAKE_PREFIX_PATH}:/home/student/ros2_ws/install/turtlebot3_teleop:/home/student/ros2_ws/install/turtlebot3_example:/home/student/ros2_ws/src/install/turtlebot3_teleop:/home/student/ros2_ws/src/install/turtlebot3_example:/opt/ros/humble /usr/bin/cmake --build /home/student/ros2_ws/src/robo1/lab6/build/lab6 -- -j8 -l8
[2.061s] [ 50%] [32mBuilding CXX object CMakeFiles/scan_to_image_node.dir/src/lab6.cpp.o[0m
[5.550s] [01m[K/home/student/ros2_ws/src/robo1/lab6/src/lab6.cpp:[m[K In member function ‘[01m[Kcv::Mat ScanToImageNode::extractMapSection(const Pose&)[m[K’:
[5.550s] [01m[K/home/student/ros2_ws/src/robo1/lab6/src/lab6.cpp:87:63:[m[K [01;35m[Kwarning: [m[Kunused parameter ‘[01m[Kpose[m[K’ [[01;35m[K]8;;https://gcc.gnu.org/onlinedocs/gcc/Warning-Options.html#index-Wunused-parameter-Wunused-parameter]8;;[m[K]
[5.550s]    87 |     cv::Mat extractMapSection([01;35m[Kconst geometry_msgs::msg::Pose &pose[m[K)
[5.550s]       |                               [01;35m[K~~~~~~~~~~~~~~~~~~~~~~~~~~~~~~~~^~~~[m[K
[16.608s] [100%] [32m[1mLinking CXX executable scan_to_image_node[0m
[17.687s] [100%] Built target scan_to_image_node
[17.702s] Invoked command in '/home/student/ros2_ws/src/robo1/lab6/build/lab6' returned '0': CMAKE_PREFIX_PATH=${CMAKE_PREFIX_PATH}:/home/student/ros2_ws/install/turtlebot3_teleop:/home/student/ros2_ws/install/turtlebot3_example:/home/student/ros2_ws/src/install/turtlebot3_teleop:/home/student/ros2_ws/src/install/turtlebot3_example:/opt/ros/humble /usr/bin/cmake --build /home/student/ros2_ws/src/robo1/lab6/build/lab6 -- -j8 -l8
[17.755s] Invoking command in '/home/student/ros2_ws/src/robo1/lab6/build/lab6': CMAKE_PREFIX_PATH=${CMAKE_PREFIX_PATH}:/home/student/ros2_ws/install/turtlebot3_teleop:/home/student/ros2_ws/install/turtlebot3_example:/home/student/ros2_ws/src/install/turtlebot3_teleop:/home/student/ros2_ws/src/install/turtlebot3_example:/opt/ros/humble /usr/bin/cmake --install /home/student/ros2_ws/src/robo1/lab6/build/lab6
[17.764s] -- Install configuration: ""
[17.764s] -- Installing: /home/student/ros2_ws/src/robo1/lab6/install/lab6/lib/lab6/scan_to_image_node
[17.774s] -- Set runtime path of "/home/student/ros2_ws/src/robo1/lab6/install/lab6/lib/lab6/scan_to_image_node" to ""
[17.774s] -- Installing: /home/student/ros2_ws/src/robo1/lab6/install/lab6/share/ament_index/resource_index/package_run_dependencies/lab6
[17.774s] -- Installing: /home/student/ros2_ws/src/robo1/lab6/install/lab6/share/ament_index/resource_index/parent_prefix_path/lab6
[17.774s] -- Installing: /home/student/ros2_ws/src/robo1/lab6/install/lab6/share/lab6/environment/ament_prefix_path.sh
[17.774s] -- Installing: /home/student/ros2_ws/src/robo1/lab6/install/lab6/share/lab6/environment/ament_prefix_path.dsv
[17.775s] -- Installing: /home/student/ros2_ws/src/robo1/lab6/install/lab6/share/lab6/environment/path.sh
[17.775s] -- Installing: /home/student/ros2_ws/src/robo1/lab6/install/lab6/share/lab6/environment/path.dsv
[17.775s] -- Installing: /home/student/ros2_ws/src/robo1/lab6/install/lab6/share/lab6/local_setup.bash
[17.775s] -- Installing: /home/student/ros2_ws/src/robo1/lab6/install/lab6/share/lab6/local_setup.sh
[17.775s] -- Installing: /home/student/ros2_ws/src/robo1/lab6/install/lab6/share/lab6/local_setup.zsh
[17.775s] -- Installing: /home/student/ros2_ws/src/robo1/lab6/install/lab6/share/lab6/local_setup.dsv
[17.775s] -- Installing: /home/student/ros2_ws/src/robo1/lab6/install/lab6/share/lab6/package.dsv
[17.776s] -- Installing: /home/student/ros2_ws/src/robo1/lab6/install/lab6/share/ament_index/resource_index/packages/lab6
[17.776s] -- Installing: /home/student/ros2_ws/src/robo1/lab6/install/lab6/share/lab6/cmake/lab6Config.cmake
[17.776s] -- Installing: /home/student/ros2_ws/src/robo1/lab6/install/lab6/share/lab6/cmake/lab6Config-version.cmake
[17.776s] -- Installing: /home/student/ros2_ws/src/robo1/lab6/install/lab6/share/lab6/package.xml
[17.779s] Invoked command in '/home/student/ros2_ws/src/robo1/lab6/build/lab6' returned '0': CMAKE_PREFIX_PATH=${CMAKE_PREFIX_PATH}:/home/student/ros2_ws/install/turtlebot3_teleop:/home/student/ros2_ws/install/turtlebot3_example:/home/student/ros2_ws/src/install/turtlebot3_teleop:/home/student/ros2_ws/src/install/turtlebot3_example:/opt/ros/humble /usr/bin/cmake --install /home/student/ros2_ws/src/robo1/lab6/build/lab6
