[0.052s] Invoking command in '/home/student/ros2_ws/src/robo1/lab3/build/lab3': CMAKE_PREFIX_PATH=${CMAKE_PREFIX_PATH}:/home/student/ros2_ws/install/turtlebot3_teleop:/home/student/ros2_ws/install/turtlebot3_example:/opt/ros/humble /usr/bin/cmake /home/student/ros2_ws/src/robo1/lab3 -DAMENT_CMAKE_SYMLINK_INSTALL=1 -DCMAKE_INSTALL_PREFIX=/home/student/ros2_ws/src/robo1/lab3/install/lab3
[0.125s] -- The C compiler identification is GNU 11.4.0
[0.190s] -- The CXX compiler identification is GNU 11.4.0
[0.199s] -- Detecting C compiler ABI info
[0.284s] -- Detecting C compiler ABI info - done
[0.294s] -- Check for working C compiler: /usr/bin/cc - skipped
[0.295s] -- Detecting C compile features
[0.295s] -- Detecting C compile features - done
[0.299s] -- Detecting CXX compiler ABI info
[0.395s] -- Detecting CXX compiler ABI info - done
[0.402s] -- Check for working CXX compiler: /usr/bin/c++ - skipped
[0.403s] -- Detecting CXX compile features
[0.403s] -- Detecting CXX compile features - done
[0.408s] -- Found ament_cmake: 1.3.9 (/opt/ros/humble/share/ament_cmake/cmake)
[0.588s] -- Found Python3: /usr/bin/python3 (found version "3.10.12") found components: Interpreter 
[0.659s] -- Override CMake install command with custom implementation using symlinks instead of copying resources
[0.722s] -- Found rclcpp: 16.0.9 (/opt/ros/humble/share/rclcpp/cmake)
[0.789s] -- Found rosidl_generator_c: 3.1.5 (/opt/ros/humble/share/rosidl_generator_c/cmake)
[0.798s] -- Found rosidl_adapter: 3.1.5 (/opt/ros/humble/share/rosidl_adapter/cmake)
[0.810s] -- Found rosidl_generator_cpp: 3.1.5 (/opt/ros/humble/share/rosidl_generator_cpp/cmake)
[0.830s] -- Using all available rosidl_typesupport_c: rosidl_typesupport_fastrtps_c;rosidl_typesupport_introspection_c
[0.858s] -- Using all available rosidl_typesupport_cpp: rosidl_typesupport_fastrtps_cpp;rosidl_typesupport_introspection_cpp
[0.952s] -- Found rmw_implementation_cmake: 6.1.2 (/opt/ros/humble/share/rmw_implementation_cmake/cmake)
[0.957s] -- Found rmw_fastrtps_cpp: 6.2.6 (/opt/ros/humble/share/rmw_fastrtps_cpp/cmake)
[1.082s] -- Found OpenSSL: /usr/lib/x86_64-linux-gnu/libcrypto.so (found version "3.0.2")  
[1.119s] -- Found FastRTPS: /opt/ros/humble/include  
[1.181s] -- Using RMW implementation 'rmw_fastrtps_cpp' as default
[1.196s] -- Looking for pthread.h
[1.286s] -- Looking for pthread.h - found
[1.287s] -- Performing Test CMAKE_HAVE_LIBC_PTHREAD
[1.381s] -- Performing Test CMAKE_HAVE_LIBC_PTHREAD - Success
[1.382s] -- Found Threads: TRUE  
[1.569s] -- Found sensor_msgs: 4.2.4 (/opt/ros/humble/share/sensor_msgs/cmake)
[1.712s] -- Found cv_bridge: 3.2.1 (/opt/ros/humble/share/cv_bridge/cmake)
[1.735s] -- Found OpenCV: /usr (found version "4.5.4") 
[1.820s] -- Configuring done
[1.840s] -- Generating done
[1.843s] -- Build files have been written to: /home/student/ros2_ws/src/robo1/lab3/build/lab3
[1.862s] Invoked command in '/home/student/ros2_ws/src/robo1/lab3/build/lab3' returned '0': CMAKE_PREFIX_PATH=${CMAKE_PREFIX_PATH}:/home/student/ros2_ws/install/turtlebot3_teleop:/home/student/ros2_ws/install/turtlebot3_example:/opt/ros/humble /usr/bin/cmake /home/student/ros2_ws/src/robo1/lab3 -DAMENT_CMAKE_SYMLINK_INSTALL=1 -DCMAKE_INSTALL_PREFIX=/home/student/ros2_ws/src/robo1/lab3/install/lab3
[1.865s] Invoking command in '/home/student/ros2_ws/src/robo1/lab3/build/lab3': CMAKE_PREFIX_PATH=${CMAKE_PREFIX_PATH}:/home/student/ros2_ws/install/turtlebot3_teleop:/home/student/ros2_ws/install/turtlebot3_example:/opt/ros/humble /usr/bin/cmake --build /home/student/ros2_ws/src/robo1/lab3/build/lab3 -- -j8 -l8
[1.934s] [ 50%] [32mBuilding CXX object CMakeFiles/lidar_processor.dir/src/lab3.cpp.o[0m
[11.498s] [100%] [32m[1mLinking CXX executable lidar_processor[0m
[12.032s] [100%] Built target lidar_processor
[12.047s] Invoked command in '/home/student/ros2_ws/src/robo1/lab3/build/lab3' returned '0': CMAKE_PREFIX_PATH=${CMAKE_PREFIX_PATH}:/home/student/ros2_ws/install/turtlebot3_teleop:/home/student/ros2_ws/install/turtlebot3_example:/opt/ros/humble /usr/bin/cmake --build /home/student/ros2_ws/src/robo1/lab3/build/lab3 -- -j8 -l8
[12.097s] Invoking command in '/home/student/ros2_ws/src/robo1/lab3/build/lab3': CMAKE_PREFIX_PATH=${CMAKE_PREFIX_PATH}:/home/student/ros2_ws/install/turtlebot3_teleop:/home/student/ros2_ws/install/turtlebot3_example:/opt/ros/humble /usr/bin/cmake --install /home/student/ros2_ws/src/robo1/lab3/build/lab3
[12.107s] -- Install configuration: ""
[12.108s] -- Execute custom install script
[12.109s] -- Symlinking: /home/student/ros2_ws/src/robo1/lab3/install/lab3/lib/lab3/lidar_processor
[12.121s] -- Symlinking: /home/student/ros2_ws/src/robo1/lab3/install/lab3/share/ament_index/resource_index/package_run_dependencies/lab3
[12.132s] -- Symlinking: /home/student/ros2_ws/src/robo1/lab3/install/lab3/share/ament_index/resource_index/parent_prefix_path/lab3
[12.144s] -- Symlinking: /home/student/ros2_ws/src/robo1/lab3/install/lab3/share/lab3/environment/ament_prefix_path.sh
[12.155s] -- Symlinking: /home/student/ros2_ws/src/robo1/lab3/install/lab3/share/lab3/environment/ament_prefix_path.dsv
[12.167s] -- Symlinking: /home/student/ros2_ws/src/robo1/lab3/install/lab3/share/lab3/environment/path.sh
[12.179s] -- Symlinking: /home/student/ros2_ws/src/robo1/lab3/install/lab3/share/lab3/environment/path.dsv
[12.190s] -- Symlinking: /home/student/ros2_ws/src/robo1/lab3/install/lab3/share/lab3/local_setup.bash
[12.201s] -- Symlinking: /home/student/ros2_ws/src/robo1/lab3/install/lab3/share/lab3/local_setup.sh
[12.213s] -- Symlinking: /home/student/ros2_ws/src/robo1/lab3/install/lab3/share/lab3/local_setup.zsh
[12.225s] -- Symlinking: /home/student/ros2_ws/src/robo1/lab3/install/lab3/share/lab3/local_setup.dsv
[12.235s] -- Symlinking: /home/student/ros2_ws/src/robo1/lab3/install/lab3/share/lab3/package.dsv
[12.248s] -- Symlinking: /home/student/ros2_ws/src/robo1/lab3/install/lab3/share/ament_index/resource_index/packages/lab3
[12.259s] -- Symlinking: /home/student/ros2_ws/src/robo1/lab3/install/lab3/share/lab3/cmake/lab3Config.cmake
[12.270s] -- Symlinking: /home/student/ros2_ws/src/robo1/lab3/install/lab3/share/lab3/cmake/lab3Config-version.cmake
[12.281s] -- Symlinking: /home/student/ros2_ws/src/robo1/lab3/install/lab3/share/lab3/package.xml
[12.295s] Invoked command in '/home/student/ros2_ws/src/robo1/lab3/build/lab3' returned '0': CMAKE_PREFIX_PATH=${CMAKE_PREFIX_PATH}:/home/student/ros2_ws/install/turtlebot3_teleop:/home/student/ros2_ws/install/turtlebot3_example:/opt/ros/humble /usr/bin/cmake --install /home/student/ros2_ws/src/robo1/lab3/build/lab3
