[0.121s] DEBUG:colcon:Command line arguments: ['/usr/bin/colcon', 'build', '--packages-select', 'lab6']
[0.121s] DEBUG:colcon:Parsed command line arguments: Namespace(log_base=None, log_level=None, verb_name='build', build_base='build', install_base='install', merge_install=False, symlink_install=False, test_result_base=None, continue_on_error=False, executor='parallel', parallel_workers=8, event_handlers=None, ignore_user_meta=False, metas=['./colcon.meta'], base_paths=['.'], packages_ignore=None, packages_ignore_regex=None, paths=None, packages_up_to=None, packages_up_to_regex=None, packages_above=None, packages_above_and_dependencies=None, packages_above_depth=None, packages_select_by_dep=None, packages_skip_by_dep=None, packages_skip_up_to=None, packages_select_build_failed=False, packages_skip_build_finished=False, packages_select_test_failures=False, packages_skip_test_passed=False, packages_select=['lab6'], packages_skip=None, packages_select_regex=None, packages_skip_regex=None, packages_start=None, packages_end=None, allow_overriding=[], cmake_args=None, cmake_target=None, cmake_target_skip_unavailable=False, cmake_clean_cache=False, cmake_clean_first=False, cmake_force_configure=False, ament_cmake_args=None, catkin_cmake_args=None, catkin_skip_building_tests=False, mixin_files=None, mixin=None, verb_parser=<colcon_mixin.mixin.mixin_argument.MixinArgumentDecorator object at 0x7cb65ee582b0>, verb_extension=<colcon_core.verb.build.BuildVerb object at 0x7cb65ee2f850>, main=<bound method BuildVerb.main of <colcon_core.verb.build.BuildVerb object at 0x7cb65ee2f850>>, mixin_verb=('build',))
[0.341s] Level 1:colcon.colcon_core.package_discovery:discover_packages(colcon_meta) check parameters
[0.341s] Level 1:colcon.colcon_core.package_discovery:discover_packages(recursive) check parameters
[0.341s] Level 1:colcon.colcon_core.package_discovery:discover_packages(ignore) check parameters
[0.341s] Level 1:colcon.colcon_core.package_discovery:discover_packages(path) check parameters
[0.341s] Level 1:colcon.colcon_core.package_discovery:discover_packages(colcon_meta) discover
[0.342s] Level 1:colcon.colcon_core.package_discovery:discover_packages(recursive) discover
[0.342s] INFO:colcon.colcon_core.package_discovery:Crawling recursively for packages in '/home/student/ros2_ws/src/robo1/lab6'
[0.342s] Level 1:colcon.colcon_core.package_identification:_identify(.) by extensions ['ignore', 'ignore_ament_install']
[0.343s] Level 1:colcon.colcon_core.package_identification:_identify(.) by extension 'ignore'
[0.343s] Level 1:colcon.colcon_core.package_identification:_identify(.) by extension 'ignore_ament_install'
[0.343s] Level 1:colcon.colcon_core.package_identification:_identify(.) by extensions ['colcon_pkg']
[0.343s] Level 1:colcon.colcon_core.package_identification:_identify(.) by extension 'colcon_pkg'
[0.343s] Level 1:colcon.colcon_core.package_identification:_identify(.) by extensions ['colcon_meta']
[0.343s] Level 1:colcon.colcon_core.package_identification:_identify(.) by extension 'colcon_meta'
[0.343s] Level 1:colcon.colcon_core.package_identification:_identify(.) by extensions ['ros']
[0.343s] Level 1:colcon.colcon_core.package_identification:_identify(.) by extension 'ros'
[0.368s] DEBUG:colcon.colcon_core.package_identification:Package '.' with type 'ros.ament_cmake' and name 'lab6'
[0.368s] Level 1:colcon.colcon_core.package_discovery:discover_packages(recursive) using defaults
[0.368s] Level 1:colcon.colcon_core.package_discovery:discover_packages(ignore) discover
[0.369s] Level 1:colcon.colcon_core.package_discovery:discover_packages(ignore) using defaults
[0.369s] Level 1:colcon.colcon_core.package_discovery:discover_packages(path) discover
[0.369s] Level 1:colcon.colcon_core.package_discovery:discover_packages(path) using defaults
[0.404s] Level 1:colcon.colcon_core.package_discovery:discover_packages(prefix_path) check parameters
[0.404s] Level 1:colcon.colcon_core.package_discovery:discover_packages(prefix_path) discover
[0.408s] DEBUG:colcon.colcon_installed_package_information.package_discovery:Found 23 installed packages in /home/student/ros2_ws/install
[0.409s] DEBUG:colcon.colcon_installed_package_information.package_discovery:Found 1 installed packages in /home/student/ros2_ws/src/robo1/lab3/install
[0.409s] DEBUG:colcon.colcon_installed_package_information.package_discovery:Found 1 installed packages in /home/student/ros2_ws/src/robo1/lab2/install
[0.410s] DEBUG:colcon.colcon_installed_package_information.package_discovery:Found 24 installed packages in /home/student/ros2_ws/src/install
[0.413s] DEBUG:colcon.colcon_installed_package_information.package_discovery:Found 370 installed packages in /opt/ros/humble
[0.415s] Level 1:colcon.colcon_core.package_discovery:discover_packages(prefix_path) using defaults
[0.466s] Level 5:colcon.colcon_core.verb:set package 'lab6' build argument 'cmake_args' from command line to 'None'
[0.466s] Level 5:colcon.colcon_core.verb:set package 'lab6' build argument 'cmake_target' from command line to 'None'
[0.466s] Level 5:colcon.colcon_core.verb:set package 'lab6' build argument 'cmake_target_skip_unavailable' from command line to 'False'
[0.466s] Level 5:colcon.colcon_core.verb:set package 'lab6' build argument 'cmake_clean_cache' from command line to 'False'
[0.466s] Level 5:colcon.colcon_core.verb:set package 'lab6' build argument 'cmake_clean_first' from command line to 'False'
[0.466s] Level 5:colcon.colcon_core.verb:set package 'lab6' build argument 'cmake_force_configure' from command line to 'False'
[0.466s] Level 5:colcon.colcon_core.verb:set package 'lab6' build argument 'ament_cmake_args' from command line to 'None'
[0.466s] Level 5:colcon.colcon_core.verb:set package 'lab6' build argument 'catkin_cmake_args' from command line to 'None'
[0.466s] Level 5:colcon.colcon_core.verb:set package 'lab6' build argument 'catkin_skip_building_tests' from command line to 'False'
[0.466s] DEBUG:colcon.colcon_core.verb:Building package 'lab6' with the following arguments: {'ament_cmake_args': None, 'build_base': '/home/student/ros2_ws/src/robo1/lab6/build/lab6', 'catkin_cmake_args': None, 'catkin_skip_building_tests': False, 'cmake_args': None, 'cmake_clean_cache': False, 'cmake_clean_first': False, 'cmake_force_configure': False, 'cmake_target': None, 'cmake_target_skip_unavailable': False, 'install_base': '/home/student/ros2_ws/src/robo1/lab6/install/lab6', 'merge_install': False, 'path': '/home/student/ros2_ws/src/robo1/lab6', 'symlink_install': False, 'test_result_base': None}
[0.467s] INFO:colcon.colcon_core.executor:Executing jobs using 'parallel' executor
[0.468s] DEBUG:colcon.colcon_parallel_executor.executor.parallel:run_until_complete
[0.468s] INFO:colcon.colcon_ros.task.ament_cmake.build:Building ROS package in '/home/student/ros2_ws/src/robo1/lab6' with build type 'ament_cmake'
[0.468s] INFO:colcon.colcon_cmake.task.cmake.build:Building CMake package in '/home/student/ros2_ws/src/robo1/lab6'
[0.471s] INFO:colcon.colcon_core.plugin_system:Skipping extension 'colcon_core.shell.bat': Not used on non-Windows systems
[0.471s] INFO:colcon.colcon_core.shell:Skip shell extension 'powershell' for command environment: Not usable outside of PowerShell
[0.471s] DEBUG:colcon.colcon_core.shell:Skip shell extension 'dsv' for command environment
[0.494s] DEBUG:colcon.colcon_core.event_handler.log_command:Invoking command in '/home/student/ros2_ws/src/robo1/lab6/build/lab6': CMAKE_PREFIX_PATH=${CMAKE_PREFIX_PATH}:/home/student/ros2_ws/install/turtlebot3_teleop:/home/student/ros2_ws/install/turtlebot3_example:/home/student/ros2_ws/src/install/turtlebot3_teleop:/home/student/ros2_ws/src/install/turtlebot3_example:/opt/ros/humble /usr/bin/cmake --build /home/student/ros2_ws/src/robo1/lab6/build/lab6 -- -j8 -l8
[0.633s] DEBUG:colcon.colcon_core.event_handler.log_command:Invoked command in '/home/student/ros2_ws/src/robo1/lab6/build/lab6' returned '0': CMAKE_PREFIX_PATH=${CMAKE_PREFIX_PATH}:/home/student/ros2_ws/install/turtlebot3_teleop:/home/student/ros2_ws/install/turtlebot3_example:/home/student/ros2_ws/src/install/turtlebot3_teleop:/home/student/ros2_ws/src/install/turtlebot3_example:/opt/ros/humble /usr/bin/cmake --build /home/student/ros2_ws/src/robo1/lab6/build/lab6 -- -j8 -l8
[0.685s] DEBUG:colcon.colcon_core.event_handler.log_command:Invoking command in '/home/student/ros2_ws/src/robo1/lab6/build/lab6': CMAKE_PREFIX_PATH=${CMAKE_PREFIX_PATH}:/home/student/ros2_ws/install/turtlebot3_teleop:/home/student/ros2_ws/install/turtlebot3_example:/home/student/ros2_ws/src/install/turtlebot3_teleop:/home/student/ros2_ws/src/install/turtlebot3_example:/opt/ros/humble /usr/bin/cmake --install /home/student/ros2_ws/src/robo1/lab6/build/lab6
[0.714s] Level 1:colcon.colcon_core.environment:create_environment_scripts_only(lab6)
[0.715s] DEBUG:colcon.colcon_core.event_handler.log_command:Invoked command in '/home/student/ros2_ws/src/robo1/lab6/build/lab6' returned '0': CMAKE_PREFIX_PATH=${CMAKE_PREFIX_PATH}:/home/student/ros2_ws/install/turtlebot3_teleop:/home/student/ros2_ws/install/turtlebot3_example:/home/student/ros2_ws/src/install/turtlebot3_teleop:/home/student/ros2_ws/src/install/turtlebot3_example:/opt/ros/humble /usr/bin/cmake --install /home/student/ros2_ws/src/robo1/lab6/build/lab6
[0.720s] Level 1:colcon.colcon_core.environment:checking '/home/student/ros2_ws/src/robo1/lab6/install/lab6' for CMake module files
[0.721s] Level 1:colcon.colcon_core.environment:checking '/home/student/ros2_ws/src/robo1/lab6/install/lab6' for CMake config files
[0.721s] Level 1:colcon.colcon_core.shell:create_environment_hook('lab6', 'cmake_prefix_path')
[0.721s] INFO:colcon.colcon_core.shell:Creating environment hook '/home/student/ros2_ws/src/robo1/lab6/install/lab6/share/lab6/hook/cmake_prefix_path.ps1'
[0.723s] INFO:colcon.colcon_core.shell:Creating environment descriptor '/home/student/ros2_ws/src/robo1/lab6/install/lab6/share/lab6/hook/cmake_prefix_path.dsv'
[0.723s] INFO:colcon.colcon_core.shell:Creating environment hook '/home/student/ros2_ws/src/robo1/lab6/install/lab6/share/lab6/hook/cmake_prefix_path.sh'
[0.725s] Level 1:colcon.colcon_core.environment:checking '/home/student/ros2_ws/src/robo1/lab6/install/lab6/lib'
[0.725s] Level 1:colcon.colcon_core.environment:checking '/home/student/ros2_ws/src/robo1/lab6/install/lab6/bin'
[0.725s] Level 1:colcon.colcon_core.environment:checking '/home/student/ros2_ws/src/robo1/lab6/install/lab6/lib/pkgconfig/lab6.pc'
[0.725s] Level 1:colcon.colcon_core.environment:checking '/home/student/ros2_ws/src/robo1/lab6/install/lab6/lib/python3.10/site-packages'
[0.726s] Level 1:colcon.colcon_core.environment:checking '/home/student/ros2_ws/src/robo1/lab6/install/lab6/bin'
[0.726s] INFO:colcon.colcon_core.shell:Creating package script '/home/student/ros2_ws/src/robo1/lab6/install/lab6/share/lab6/package.ps1'
[0.727s] INFO:colcon.colcon_core.shell:Creating package descriptor '/home/student/ros2_ws/src/robo1/lab6/install/lab6/share/lab6/package.dsv'
[0.728s] INFO:colcon.colcon_core.shell:Creating package script '/home/student/ros2_ws/src/robo1/lab6/install/lab6/share/lab6/package.sh'
[0.729s] INFO:colcon.colcon_core.shell:Creating package script '/home/student/ros2_ws/src/robo1/lab6/install/lab6/share/lab6/package.bash'
[0.730s] INFO:colcon.colcon_core.shell:Creating package script '/home/student/ros2_ws/src/robo1/lab6/install/lab6/share/lab6/package.zsh'
[0.731s] Level 1:colcon.colcon_core.environment:create_file_with_runtime_dependencies(/home/student/ros2_ws/src/robo1/lab6/install/lab6/share/colcon-core/packages/lab6)
[0.775s] Level 1:colcon.colcon_core.environment:create_environment_scripts_only(lab6)
[0.775s] Level 1:colcon.colcon_core.environment:checking '/home/student/ros2_ws/src/robo1/lab6/install/lab6' for CMake module files
[0.776s] Level 1:colcon.colcon_core.environment:checking '/home/student/ros2_ws/src/robo1/lab6/install/lab6' for CMake config files
[0.776s] Level 1:colcon.colcon_core.shell:create_environment_hook('lab6', 'cmake_prefix_path')
[0.776s] INFO:colcon.colcon_core.shell:Creating environment hook '/home/student/ros2_ws/src/robo1/lab6/install/lab6/share/lab6/hook/cmake_prefix_path.ps1'
[0.777s] INFO:colcon.colcon_core.shell:Creating environment descriptor '/home/student/ros2_ws/src/robo1/lab6/install/lab6/share/lab6/hook/cmake_prefix_path.dsv'
[0.777s] INFO:colcon.colcon_core.shell:Creating environment hook '/home/student/ros2_ws/src/robo1/lab6/install/lab6/share/lab6/hook/cmake_prefix_path.sh'
[0.778s] Level 1:colcon.colcon_core.environment:checking '/home/student/ros2_ws/src/robo1/lab6/install/lab6/lib'
[0.778s] Level 1:colcon.colcon_core.environment:checking '/home/student/ros2_ws/src/robo1/lab6/install/lab6/bin'
[0.778s] Level 1:colcon.colcon_core.environment:checking '/home/student/ros2_ws/src/robo1/lab6/install/lab6/lib/pkgconfig/lab6.pc'
[0.778s] Level 1:colcon.colcon_core.environment:checking '/home/student/ros2_ws/src/robo1/lab6/install/lab6/lib/python3.10/site-packages'
[0.779s] Level 1:colcon.colcon_core.environment:checking '/home/student/ros2_ws/src/robo1/lab6/install/lab6/bin'
[0.779s] INFO:colcon.colcon_core.shell:Creating package script '/home/student/ros2_ws/src/robo1/lab6/install/lab6/share/lab6/package.ps1'
[0.779s] INFO:colcon.colcon_core.shell:Creating package descriptor '/home/student/ros2_ws/src/robo1/lab6/install/lab6/share/lab6/package.dsv'
[0.780s] INFO:colcon.colcon_core.shell:Creating package script '/home/student/ros2_ws/src/robo1/lab6/install/lab6/share/lab6/package.sh'
[0.780s] INFO:colcon.colcon_core.shell:Creating package script '/home/student/ros2_ws/src/robo1/lab6/install/lab6/share/lab6/package.bash'
[0.781s] INFO:colcon.colcon_core.shell:Creating package script '/home/student/ros2_ws/src/robo1/lab6/install/lab6/share/lab6/package.zsh'
[0.781s] Level 1:colcon.colcon_core.environment:create_file_with_runtime_dependencies(/home/student/ros2_ws/src/robo1/lab6/install/lab6/share/colcon-core/packages/lab6)
[0.781s] DEBUG:colcon.colcon_parallel_executor.executor.parallel:closing loop
[0.782s] DEBUG:colcon.colcon_parallel_executor.executor.parallel:loop closed
[0.782s] DEBUG:colcon.colcon_parallel_executor.executor.parallel:run_until_complete finished with '0'
[0.782s] DEBUG:colcon.colcon_core.event_reactor:joining thread
[0.788s] INFO:colcon.colcon_core.plugin_system:Skipping extension 'colcon_notification.desktop_notification.terminal_notifier': Not used on non-Darwin systems
[0.788s] INFO:colcon.colcon_core.plugin_system:Skipping extension 'colcon_notification.desktop_notification.win32': Not used on non-Windows systems
[0.788s] INFO:colcon.colcon_notification.desktop_notification:Sending desktop notification using 'notify2'
[0.810s] DEBUG:colcon.colcon_core.event_reactor:joined thread
[0.811s] INFO:colcon.colcon_core.shell:Creating prefix script '/home/student/ros2_ws/src/robo1/lab6/install/local_setup.ps1'
[0.812s] INFO:colcon.colcon_core.shell:Creating prefix util module '/home/student/ros2_ws/src/robo1/lab6/install/_local_setup_util_ps1.py'
[0.814s] INFO:colcon.colcon_core.shell:Creating prefix chain script '/home/student/ros2_ws/src/robo1/lab6/install/setup.ps1'
[0.819s] INFO:colcon.colcon_core.shell:Creating prefix script '/home/student/ros2_ws/src/robo1/lab6/install/local_setup.sh'
[0.822s] INFO:colcon.colcon_core.shell:Creating prefix util module '/home/student/ros2_ws/src/robo1/lab6/install/_local_setup_util_sh.py'
[0.823s] INFO:colcon.colcon_core.shell:Creating prefix chain script '/home/student/ros2_ws/src/robo1/lab6/install/setup.sh'
[0.829s] INFO:colcon.colcon_core.shell:Creating prefix script '/home/student/ros2_ws/src/robo1/lab6/install/local_setup.bash'
[0.829s] INFO:colcon.colcon_core.shell:Creating prefix chain script '/home/student/ros2_ws/src/robo1/lab6/install/setup.bash'
[0.833s] INFO:colcon.colcon_core.shell:Creating prefix script '/home/student/ros2_ws/src/robo1/lab6/install/local_setup.zsh'
[0.833s] INFO:colcon.colcon_core.shell:Creating prefix chain script '/home/student/ros2_ws/src/robo1/lab6/install/setup.zsh'
